{"/home/runner/work/FormForce/FormForce/server/database.js": {"path":"/home/runner/work/FormForce/FormForce/server/database.js","statementMap":{"0":{"start":{"line":1,"column":16},"end":{"line":1,"column":44}},"1":{"start":{"line":2,"column":13},"end":{"line":2,"column":28}},"2":{"start":{"line":4,"column":15},"end":{"line":4,"column":54}},"3":{"start":{"line":5,"column":11},"end":{"line":5,"column":39}},"4":{"start":{"line":7,"column":19},"end":{"line":184,"column":1}},"5":{"start":{"line":8,"column":2},"end":{"line":183,"column":5}},"6":{"start":{"line":9,"column":4},"end":{"line":182,"column":7}},"7":{"start":{"line":11,"column":6},"end":{"line":20,"column":9}},"8":{"start":{"line":23,"column":6},"end":{"line":34,"column":9}},"9":{"start":{"line":37,"column":6},"end":{"line":48,"column":9}},"10":{"start":{"line":51,"column":6},"end":{"line":67,"column":9}},"11":{"start":{"line":70,"column":6},"end":{"line":83,"column":9}},"12":{"start":{"line":86,"column":6},"end":{"line":103,"column":9}},"13":{"start":{"line":106,"column":6},"end":{"line":127,"column":9}},"14":{"start":{"line":130,"column":6},"end":{"line":155,"column":9}},"15":{"start":{"line":158,"column":6},"end":{"line":181,"column":9}},"16":{"start":{"line":176,"column":8},"end":{"line":180,"column":9}},"17":{"start":{"line":176,"column":17},"end":{"line":176,"column":29}},"18":{"start":{"line":178,"column":10},"end":{"line":178,"column":59}},"19":{"start":{"line":179,"column":10},"end":{"line":179,"column":20}},"20":{"start":{"line":186,"column":14},"end":{"line":193,"column":1}},"21":{"start":{"line":187,"column":2},"end":{"line":192,"column":5}},"22":{"start":{"line":188,"column":4},"end":{"line":191,"column":7}},"23":{"start":{"line":189,"column":6},"end":{"line":190,"column":25}},"24":{"start":{"line":189,"column":15},"end":{"line":189,"column":27}},"25":{"start":{"line":190,"column":11},"end":{"line":190,"column":25}},"26":{"start":{"line":195,"column":12},"end":{"line":202,"column":1}},"27":{"start":{"line":196,"column":2},"end":{"line":201,"column":5}},"28":{"start":{"line":197,"column":4},"end":{"line":200,"column":7}},"29":{"start":{"line":198,"column":6},"end":{"line":199,"column":63}},"30":{"start":{"line":198,"column":15},"end":{"line":198,"column":27}},"31":{"start":{"line":199,"column":11},"end":{"line":199,"column":63}},"32":{"start":{"line":204,"column":12},"end":{"line":211,"column":1}},"33":{"start":{"line":205,"column":2},"end":{"line":210,"column":5}},"34":{"start":{"line":206,"column":4},"end":{"line":209,"column":7}},"35":{"start":{"line":207,"column":6},"end":{"line":208,"column":24}},"36":{"start":{"line":207,"column":15},"end":{"line":207,"column":27}},"37":{"start":{"line":208,"column":11},"end":{"line":208,"column":24}},"38":{"start":{"line":213,"column":0},"end":{"line":219,"column":2}}},"fnMap":{"0":{"name":"(anonymous_0)","decl":{"start":{"line":7,"column":19},"end":{"line":7,"column":20}},"loc":{"start":{"line":7,"column":25},"end":{"line":184,"column":1}},"line":7},"1":{"name":"(anonymous_1)","decl":{"start":{"line":8,"column":21},"end":{"line":8,"column":22}},"loc":{"start":{"line":8,"column":42},"end":{"line":183,"column":3}},"line":8},"2":{"name":"(anonymous_2)","decl":{"start":{"line":9,"column":17},"end":{"line":9,"column":18}},"loc":{"start":{"line":9,"column":23},"end":{"line":182,"column":5}},"line":9},"3":{"name":"(anonymous_3)","decl":{"start":{"line":175,"column":9},"end":{"line":175,"column":10}},"loc":{"start":{"line":175,"column":18},"end":{"line":181,"column":7}},"line":175},"4":{"name":"(anonymous_4)","decl":{"start":{"line":186,"column":14},"end":{"line":186,"column":15}},"loc":{"start":{"line":186,"column":36},"end":{"line":193,"column":1}},"line":186},"5":{"name":"(anonymous_5)","decl":{"start":{"line":187,"column":21},"end":{"line":187,"column":22}},"loc":{"start":{"line":187,"column":42},"end":{"line":192,"column":3}},"line":187},"6":{"name":"(anonymous_6)","decl":{"start":{"line":188,"column":24},"end":{"line":188,"column":25}},"loc":{"start":{"line":188,"column":39},"end":{"line":191,"column":5}},"line":188},"7":{"name":"(anonymous_7)","decl":{"start":{"line":195,"column":12},"end":{"line":195,"column":13}},"loc":{"start":{"line":195,"column":34},"end":{"line":202,"column":1}},"line":195},"8":{"name":"(anonymous_8)","decl":{"start":{"line":196,"column":21},"end":{"line":196,"column":22}},"loc":{"start":{"line":196,"column":42},"end":{"line":201,"column":3}},"line":196},"9":{"name":"(anonymous_9)","decl":{"start":{"line":197,"column":24},"end":{"line":197,"column":25}},"loc":{"start":{"line":197,"column":38},"end":{"line":200,"column":5}},"line":197},"10":{"name":"(anonymous_10)","decl":{"start":{"line":204,"column":12},"end":{"line":204,"column":13}},"loc":{"start":{"line":204,"column":34},"end":{"line":211,"column":1}},"line":204},"11":{"name":"(anonymous_11)","decl":{"start":{"line":205,"column":21},"end":{"line":205,"column":22}},"loc":{"start":{"line":205,"column":42},"end":{"line":210,"column":3}},"line":205},"12":{"name":"(anonymous_12)","decl":{"start":{"line":206,"column":24},"end":{"line":206,"column":25}},"loc":{"start":{"line":206,"column":38},"end":{"line":209,"column":5}},"line":206}},"branchMap":{"0":{"loc":{"start":{"line":176,"column":8},"end":{"line":180,"column":9}},"type":"if","locations":[{"start":{"line":176,"column":8},"end":{"line":180,"column":9}},{"start":{"line":177,"column":13},"end":{"line":180,"column":9}}],"line":176},"1":{"loc":{"start":{"line":186,"column":20},"end":{"line":186,"column":31}},"type":"default-arg","locations":[{"start":{"line":186,"column":29},"end":{"line":186,"column":31}}],"line":186},"2":{"loc":{"start":{"line":189,"column":6},"end":{"line":190,"column":25}},"type":"if","locations":[{"start":{"line":189,"column":6},"end":{"line":190,"column":25}},{"start":{"line":190,"column":11},"end":{"line":190,"column":25}}],"line":189},"3":{"loc":{"start":{"line":195,"column":18},"end":{"line":195,"column":29}},"type":"default-arg","locations":[{"start":{"line":195,"column":27},"end":{"line":195,"column":29}}],"line":195},"4":{"loc":{"start":{"line":198,"column":6},"end":{"line":199,"column":63}},"type":"if","locations":[{"start":{"line":198,"column":6},"end":{"line":199,"column":63}},{"start":{"line":199,"column":11},"end":{"line":199,"column":63}}],"line":198},"5":{"loc":{"start":{"line":204,"column":18},"end":{"line":204,"column":29}},"type":"default-arg","locations":[{"start":{"line":204,"column":27},"end":{"line":204,"column":29}}],"line":204},"6":{"loc":{"start":{"line":207,"column":6},"end":{"line":208,"column":24}},"type":"if","locations":[{"start":{"line":207,"column":6},"end":{"line":208,"column":24}},{"start":{"line":208,"column":11},"end":{"line":208,"column":24}}],"line":207}},"s":{"0":1,"1":1,"2":1,"3":1,"4":1,"5":0,"6":0,"7":0,"8":0,"9":0,"10":0,"11":0,"12":0,"13":0,"14":0,"15":0,"16":0,"17":0,"18":0,"19":0,"20":1,"21":1,"22":1,"23":1,"24":0,"25":1,"26":1,"27":0,"28":0,"29":0,"30":0,"31":0,"32":1,"33":2,"34":2,"35":2,"36":0,"37":2,"38":1},"f":{"0":0,"1":0,"2":0,"3":0,"4":1,"5":1,"6":1,"7":0,"8":0,"9":0,"10":2,"11":2,"12":2},"b":{"0":[0,0],"1":[0],"2":[0,1],"3":[0],"4":[0,0],"5":[0],"6":[0,2]},"_coverageSchema":"1a1c01bbd47fc00a2c39e90264f33305004495a9","hash":"dd6186f98066d06255c25cbda25eef59c3a7efbb"}
,"/home/runner/work/FormForce/FormForce/server/index.js": {"path":"/home/runner/work/FormForce/FormForce/server/index.js","statementMap":{"0":{"start":{"line":1,"column":16},"end":{"line":1,"column":34}},"1":{"start":{"line":2,"column":13},"end":{"line":2,"column":28}},"2":{"start":{"line":3,"column":19},"end":{"line":3,"column":41}},"3":{"start":{"line":4,"column":13},"end":{"line":4,"column":28}},"4":{"start":{"line":5,"column":17},"end":{"line":5,"column":37}},"5":{"start":{"line":6,"column":13},"end":{"line":6,"column":28}},"6":{"start":{"line":7,"column":0},"end":{"line":7,"column":27}},"7":{"start":{"line":9,"column":11},"end":{"line":9,"column":32}},"8":{"start":{"line":10,"column":20},"end":{"line":10,"column":45}},"9":{"start":{"line":11,"column":23},"end":{"line":11,"column":51}},"10":{"start":{"line":12,"column":24},"end":{"line":12,"column":53}},"11":{"start":{"line":13,"column":19},"end":{"line":13,"column":43}},"12":{"start":{"line":14,"column":24},"end":{"line":14,"column":53}},"13":{"start":{"line":15,"column":24},"end":{"line":15,"column":53}},"14":{"start":{"line":16,"column":23},"end":{"line":16,"column":51}},"15":{"start":{"line":17,"column":27},"end":{"line":17,"column":59}},"16":{"start":{"line":19,"column":12},"end":{"line":19,"column":21}},"17":{"start":{"line":20,"column":15},"end":{"line":20,"column":37}},"18":{"start":{"line":21,"column":11},"end":{"line":26,"column":2}},"19":{"start":{"line":28,"column":13},"end":{"line":28,"column":37}},"20":{"start":{"line":31,"column":0},"end":{"line":31,"column":16}},"21":{"start":{"line":32,"column":0},"end":{"line":32,"column":27}},"22":{"start":{"line":33,"column":0},"end":{"line":33,"column":51}},"23":{"start":{"line":36,"column":0},"end":{"line":36,"column":18}},"24":{"start":{"line":39,"column":0},"end":{"line":39,"column":33}},"25":{"start":{"line":40,"column":0},"end":{"line":40,"column":35}},"26":{"start":{"line":41,"column":0},"end":{"line":41,"column":41}},"27":{"start":{"line":42,"column":0},"end":{"line":42,"column":43}},"28":{"start":{"line":43,"column":0},"end":{"line":43,"column":43}},"29":{"start":{"line":44,"column":0},"end":{"line":44,"column":43}},"30":{"start":{"line":45,"column":0},"end":{"line":45,"column":41}},"31":{"start":{"line":46,"column":0},"end":{"line":46,"column":49}},"32":{"start":{"line":49,"column":0},"end":{"line":54,"column":1}},"33":{"start":{"line":50,"column":2},"end":{"line":50,"column":67}},"34":{"start":{"line":51,"column":2},"end":{"line":53,"column":5}},"35":{"start":{"line":52,"column":4},"end":{"line":52,"column":72}},"36":{"start":{"line":57,"column":0},"end":{"line":59,"column":3}},"37":{"start":{"line":58,"column":2},"end":{"line":58,"column":66}},"38":{"start":{"line":62,"column":0},"end":{"line":76,"column":3}},"39":{"start":{"line":63,"column":2},"end":{"line":63,"column":46}},"40":{"start":{"line":65,"column":2},"end":{"line":67,"column":5}},"41":{"start":{"line":66,"column":4},"end":{"line":66,"column":51}},"42":{"start":{"line":69,"column":2},"end":{"line":71,"column":5}},"43":{"start":{"line":70,"column":4},"end":{"line":70,"column":39}},"44":{"start":{"line":73,"column":2},"end":{"line":75,"column":5}},"45":{"start":{"line":74,"column":4},"end":{"line":74,"column":38}},"46":{"start":{"line":79,"column":0},"end":{"line":86,"column":3}},"47":{"start":{"line":80,"column":2},"end":{"line":82,"column":5}},"48":{"start":{"line":81,"column":4},"end":{"line":81,"column":60}},"49":{"start":{"line":84,"column":2},"end":{"line":84,"column":55}},"50":{"start":{"line":85,"column":2},"end":{"line":85,"column":18}}},"fnMap":{"0":{"name":"(anonymous_0)","decl":{"start":{"line":51,"column":15},"end":{"line":51,"column":16}},"loc":{"start":{"line":51,"column":29},"end":{"line":53,"column":3}},"line":51},"1":{"name":"(anonymous_1)","decl":{"start":{"line":57,"column":23},"end":{"line":57,"column":24}},"loc":{"start":{"line":57,"column":37},"end":{"line":59,"column":1}},"line":57},"2":{"name":"(anonymous_2)","decl":{"start":{"line":62,"column":20},"end":{"line":62,"column":21}},"loc":{"start":{"line":62,"column":32},"end":{"line":76,"column":1}},"line":62},"3":{"name":"(anonymous_3)","decl":{"start":{"line":65,"column":26},"end":{"line":65,"column":27}},"loc":{"start":{"line":65,"column":32},"end":{"line":67,"column":3}},"line":65},"4":{"name":"(anonymous_4)","decl":{"start":{"line":69,"column":32},"end":{"line":69,"column":33}},"loc":{"start":{"line":69,"column":42},"end":{"line":71,"column":3}},"line":69},"5":{"name":"(anonymous_5)","decl":{"start":{"line":73,"column":31},"end":{"line":73,"column":32}},"loc":{"start":{"line":73,"column":41},"end":{"line":75,"column":3}},"line":73},"6":{"name":"(anonymous_6)","decl":{"start":{"line":79,"column":21},"end":{"line":79,"column":22}},"loc":{"start":{"line":79,"column":27},"end":{"line":83,"column":1}},"line":79},"7":{"name":"(anonymous_7)","decl":{"start":{"line":80,"column":22},"end":{"line":80,"column":23}},"loc":{"start":{"line":80,"column":28},"end":{"line":82,"column":3}},"line":80},"8":{"name":"(anonymous_8)","decl":{"start":{"line":83,"column":9},"end":{"line":83,"column":10}},"loc":{"start":{"line":83,"column":16},"end":{"line":86,"column":1}},"line":83}},"branchMap":{"0":{"loc":{"start":{"line":28,"column":13},"end":{"line":28,"column":37}},"type":"binary-expr","locations":[{"start":{"line":28,"column":13},"end":{"line":28,"column":29}},{"start":{"line":28,"column":33},"end":{"line":28,"column":37}}],"line":28},"1":{"loc":{"start":{"line":49,"column":0},"end":{"line":54,"column":1}},"type":"if","locations":[{"start":{"line":49,"column":0},"end":{"line":54,"column":1}},{"start":{},"end":{}}],"line":49}},"s":{"0":0,"1":0,"2":0,"3":0,"4":0,"5":0,"6":0,"7":0,"8":0,"9":0,"10":0,"11":0,"12":0,"13":0,"14":0,"15":0,"16":0,"17":0,"18":0,"19":0,"20":0,"21":0,"22":0,"23":0,"24":0,"25":0,"26":0,"27":0,"28":0,"29":0,"30":0,"31":0,"32":0,"33":0,"34":0,"35":0,"36":0,"37":0,"38":0,"39":0,"40":0,"41":0,"42":0,"43":0,"44":0,"45":0,"46":0,"47":0,"48":0,"49":0,"50":0},"f":{"0":0,"1":0,"2":0,"3":0,"4":0,"5":0,"6":0,"7":0,"8":0},"b":{"0":[0,0],"1":[0,0]}}
,"/home/runner/work/FormForce/FormForce/server/routes/auth.js": {"path":"/home/runner/work/FormForce/FormForce/server/routes/auth.js","statementMap":{"0":{"start":{"line":1,"column":16},"end":{"line":1,"column":34}},"1":{"start":{"line":2,"column":15},"end":{"line":2,"column":31}},"2":{"start":{"line":3,"column":15},"end":{"line":3,"column":32}},"3":{"start":{"line":4,"column":12},"end":{"line":4,"column":35}},"4":{"start":{"line":5,"column":23},"end":{"line":5,"column":38}},"5":{"start":{"line":6,"column":11},"end":{"line":6,"column":33}},"6":{"start":{"line":8,"column":19},"end":{"line":8,"column":62}},"7":{"start":{"line":11,"column":0},"end":{"line":33,"column":3}},"8":{"start":{"line":12,"column":2},"end":{"line":32,"column":3}},"9":{"start":{"line":13,"column":48},"end":{"line":13,"column":56}},"10":{"start":{"line":15,"column":4},"end":{"line":17,"column":5}},"11":{"start":{"line":16,"column":6},"end":{"line":16,"column":79}},"12":{"start":{"line":19,"column":27},"end":{"line":19,"column":58}},"13":{"start":{"line":20,"column":15},"end":{"line":20,"column":23}},"14":{"start":{"line":22,"column":4},"end":{"line":25,"column":6}},"15":{"start":{"line":27,"column":18},"end":{"line":27,"column":78}},"16":{"start":{"line":28,"column":4},"end":{"line":28,"column":77}},"17":{"start":{"line":30,"column":4},"end":{"line":30,"column":44}},"18":{"start":{"line":31,"column":4},"end":{"line":31,"column":59}},"19":{"start":{"line":36,"column":0},"end":{"line":70,"column":3}},"20":{"start":{"line":37,"column":2},"end":{"line":69,"column":3}},"21":{"start":{"line":38,"column":35},"end":{"line":38,"column":43}},"22":{"start":{"line":40,"column":17},"end":{"line":40,"column":83}},"23":{"start":{"line":42,"column":4},"end":{"line":44,"column":5}},"24":{"start":{"line":43,"column":6},"end":{"line":43,"column":68}},"25":{"start":{"line":46,"column":26},"end":{"line":46,"column":71}},"26":{"start":{"line":48,"column":4},"end":{"line":50,"column":5}},"27":{"start":{"line":49,"column":6},"end":{"line":49,"column":68}},"28":{"start":{"line":52,"column":18},"end":{"line":55,"column":5}},"29":{"start":{"line":57,"column":4},"end":{"line":65,"column":7}},"30":{"start":{"line":67,"column":4},"end":{"line":67,"column":41}},"31":{"start":{"line":68,"column":4},"end":{"line":68,"column":52}},"32":{"start":{"line":73,"column":0},"end":{"line":81,"column":3}},"33":{"start":{"line":74,"column":2},"end":{"line":80,"column":3}},"34":{"start":{"line":75,"column":18},"end":{"line":75,"column":97}},"35":{"start":{"line":76,"column":4},"end":{"line":76,"column":20}},"36":{"start":{"line":78,"column":4},"end":{"line":78,"column":50}},"37":{"start":{"line":79,"column":4},"end":{"line":79,"column":61}},"38":{"start":{"line":83,"column":0},"end":{"line":83,"column":24}}},"fnMap":{"0":{"name":"(anonymous_0)","decl":{"start":{"line":11,"column":25},"end":{"line":11,"column":26}},"loc":{"start":{"line":11,"column":45},"end":{"line":33,"column":1}},"line":11},"1":{"name":"(anonymous_1)","decl":{"start":{"line":36,"column":22},"end":{"line":36,"column":23}},"loc":{"start":{"line":36,"column":42},"end":{"line":70,"column":1}},"line":36},"2":{"name":"(anonymous_2)","decl":{"start":{"line":73,"column":21},"end":{"line":73,"column":22}},"loc":{"start":{"line":73,"column":41},"end":{"line":81,"column":1}},"line":73}},"branchMap":{"0":{"loc":{"start":{"line":8,"column":19},"end":{"line":8,"column":62}},"type":"binary-expr","locations":[{"start":{"line":8,"column":19},"end":{"line":8,"column":41}},{"start":{"line":8,"column":45},"end":{"line":8,"column":62}}],"line":8},"1":{"loc":{"start":{"line":15,"column":4},"end":{"line":17,"column":5}},"type":"if","locations":[{"start":{"line":15,"column":4},"end":{"line":17,"column":5}},{"start":{},"end":{}}],"line":15},"2":{"loc":{"start":{"line":15,"column":8},"end":{"line":15,"column":30}},"type":"binary-expr","locations":[{"start":{"line":15,"column":8},"end":{"line":15,"column":17}},{"start":{"line":15,"column":21},"end":{"line":15,"column":30}}],"line":15},"3":{"loc":{"start":{"line":24,"column":44},"end":{"line":24,"column":58}},"type":"binary-expr","locations":[{"start":{"line":24,"column":44},"end":{"line":24,"column":48}},{"start":{"line":24,"column":52},"end":{"line":24,"column":58}}],"line":24},"4":{"loc":{"start":{"line":27,"column":49},"end":{"line":27,"column":63}},"type":"binary-expr","locations":[{"start":{"line":27,"column":49},"end":{"line":27,"column":53}},{"start":{"line":27,"column":57},"end":{"line":27,"column":63}}],"line":27},"5":{"loc":{"start":{"line":28,"column":57},"end":{"line":28,"column":71}},"type":"binary-expr","locations":[{"start":{"line":28,"column":57},"end":{"line":28,"column":61}},{"start":{"line":28,"column":65},"end":{"line":28,"column":71}}],"line":28},"6":{"loc":{"start":{"line":42,"column":4},"end":{"line":44,"column":5}},"type":"if","locations":[{"start":{"line":42,"column":4},"end":{"line":44,"column":5}},{"start":{},"end":{}}],"line":42},"7":{"loc":{"start":{"line":48,"column":4},"end":{"line":50,"column":5}},"type":"if","locations":[{"start":{"line":48,"column":4},"end":{"line":50,"column":5}},{"start":{},"end":{}}],"line":48}},"s":{"0":0,"1":0,"2":0,"3":0,"4":0,"5":0,"6":0,"7":0,"8":0,"9":0,"10":0,"11":0,"12":0,"13":0,"14":0,"15":0,"16":0,"17":0,"18":0,"19":0,"20":0,"21":0,"22":0,"23":0,"24":0,"25":0,"26":0,"27":0,"28":0,"29":0,"30":0,"31":0,"32":0,"33":0,"34":0,"35":0,"36":0,"37":0,"38":0},"f":{"0":0,"1":0,"2":0},"b":{"0":[0,0],"1":[0,0],"2":[0,0],"3":[0,0],"4":[0,0],"5":[0,0],"6":[0,0],"7":[0,0]}}
,"/home/runner/work/FormForce/FormForce/server/routes/customers.js": {"path":"/home/runner/work/FormForce/FormForce/server/routes/customers.js","statementMap":{"0":{"start":{"line":1,"column":16},"end":{"line":1,"column":34}},"1":{"start":{"line":2,"column":15},"end":{"line":2,"column":31}},"2":{"start":{"line":3,"column":23},"end":{"line":3,"column":38}},"3":{"start":{"line":4,"column":11},"end":{"line":4,"column":33}},"4":{"start":{"line":7,"column":0},"end":{"line":18,"column":3}},"5":{"start":{"line":8,"column":2},"end":{"line":17,"column":3}},"6":{"start":{"line":9,"column":22},"end":{"line":12,"column":6}},"7":{"start":{"line":13,"column":4},"end":{"line":13,"column":24}},"8":{"start":{"line":15,"column":4},"end":{"line":15,"column":54}},"9":{"start":{"line":16,"column":4},"end":{"line":16,"column":65}},"10":{"start":{"line":21,"column":0},"end":{"line":35,"column":3}},"11":{"start":{"line":22,"column":2},"end":{"line":34,"column":3}},"12":{"start":{"line":23,"column":21},"end":{"line":26,"column":5}},"13":{"start":{"line":27,"column":4},"end":{"line":29,"column":5}},"14":{"start":{"line":28,"column":6},"end":{"line":28,"column":67}},"15":{"start":{"line":30,"column":4},"end":{"line":30,"column":23}},"16":{"start":{"line":32,"column":4},"end":{"line":32,"column":53}},"17":{"start":{"line":33,"column":4},"end":{"line":33,"column":64}},"18":{"start":{"line":38,"column":0},"end":{"line":81,"column":3}},"19":{"start":{"line":39,"column":2},"end":{"line":80,"column":3}},"20":{"start":{"line":50,"column":8},"end":{"line":50,"column":16}},"21":{"start":{"line":52,"column":4},"end":{"line":54,"column":5}},"22":{"start":{"line":53,"column":6},"end":{"line":53,"column":73}},"23":{"start":{"line":56,"column":15},"end":{"line":56,"column":23}},"24":{"start":{"line":57,"column":23},"end":{"line":57,"column":43}},"25":{"start":{"line":59,"column":4},"end":{"line":67,"column":7}},"26":{"start":{"line":69,"column":21},"end":{"line":69,"column":79}},"27":{"start":{"line":72,"column":4},"end":{"line":74,"column":5}},"28":{"start":{"line":73,"column":6},"end":{"line":73,"column":59}},"29":{"start":{"line":76,"column":4},"end":{"line":76,"column":35}},"30":{"start":{"line":78,"column":4},"end":{"line":78,"column":53}},"31":{"start":{"line":79,"column":4},"end":{"line":79,"column":65}},"32":{"start":{"line":84,"column":0},"end":{"line":125,"column":3}},"33":{"start":{"line":85,"column":2},"end":{"line":124,"column":3}},"34":{"start":{"line":96,"column":8},"end":{"line":96,"column":16}},"35":{"start":{"line":98,"column":4},"end":{"line":100,"column":5}},"36":{"start":{"line":99,"column":6},"end":{"line":99,"column":73}},"37":{"start":{"line":102,"column":4},"end":{"line":111,"column":7}},"38":{"start":{"line":113,"column":21},"end":{"line":113,"column":90}},"39":{"start":{"line":116,"column":4},"end":{"line":118,"column":5}},"40":{"start":{"line":117,"column":6},"end":{"line":117,"column":59}},"41":{"start":{"line":120,"column":4},"end":{"line":120,"column":23}},"42":{"start":{"line":122,"column":4},"end":{"line":122,"column":53}},"43":{"start":{"line":123,"column":4},"end":{"line":123,"column":65}},"44":{"start":{"line":128,"column":0},"end":{"line":142,"column":3}},"45":{"start":{"line":129,"column":2},"end":{"line":141,"column":3}},"46":{"start":{"line":130,"column":4},"end":{"line":130,"column":72}},"47":{"start":{"line":133,"column":4},"end":{"line":135,"column":5}},"48":{"start":{"line":134,"column":6},"end":{"line":134,"column":64}},"49":{"start":{"line":137,"column":4},"end":{"line":137,"column":59}},"50":{"start":{"line":139,"column":4},"end":{"line":139,"column":53}},"51":{"start":{"line":140,"column":4},"end":{"line":140,"column":65}},"52":{"start":{"line":145,"column":0},"end":{"line":161,"column":3}},"53":{"start":{"line":146,"column":2},"end":{"line":160,"column":3}},"54":{"start":{"line":147,"column":18},"end":{"line":147,"column":41}},"55":{"start":{"line":148,"column":22},"end":{"line":155,"column":36}},"56":{"start":{"line":156,"column":4},"end":{"line":156,"column":24}},"57":{"start":{"line":158,"column":4},"end":{"line":158,"column":55}},"58":{"start":{"line":159,"column":4},"end":{"line":159,"column":66}},"59":{"start":{"line":163,"column":0},"end":{"line":163,"column":24}}},"fnMap":{"0":{"name":"(anonymous_0)","decl":{"start":{"line":7,"column":16},"end":{"line":7,"column":17}},"loc":{"start":{"line":7,"column":36},"end":{"line":18,"column":1}},"line":7},"1":{"name":"(anonymous_1)","decl":{"start":{"line":21,"column":19},"end":{"line":21,"column":20}},"loc":{"start":{"line":21,"column":39},"end":{"line":35,"column":1}},"line":21},"2":{"name":"(anonymous_2)","decl":{"start":{"line":38,"column":17},"end":{"line":38,"column":18}},"loc":{"start":{"line":38,"column":37},"end":{"line":81,"column":1}},"line":38},"3":{"name":"(anonymous_3)","decl":{"start":{"line":84,"column":19},"end":{"line":84,"column":20}},"loc":{"start":{"line":84,"column":39},"end":{"line":125,"column":1}},"line":84},"4":{"name":"(anonymous_4)","decl":{"start":{"line":128,"column":22},"end":{"line":128,"column":23}},"loc":{"start":{"line":128,"column":42},"end":{"line":142,"column":1}},"line":128},"5":{"name":"(anonymous_5)","decl":{"start":{"line":145,"column":29},"end":{"line":145,"column":30}},"loc":{"start":{"line":145,"column":49},"end":{"line":161,"column":1}},"line":145}},"branchMap":{"0":{"loc":{"start":{"line":27,"column":4},"end":{"line":29,"column":5}},"type":"if","locations":[{"start":{"line":27,"column":4},"end":{"line":29,"column":5}},{"start":{},"end":{}}],"line":27},"1":{"loc":{"start":{"line":52,"column":4},"end":{"line":54,"column":5}},"type":"if","locations":[{"start":{"line":52,"column":4},"end":{"line":54,"column":5}},{"start":{},"end":{}}],"line":52},"2":{"loc":{"start":{"line":57,"column":23},"end":{"line":57,"column":43}},"type":"binary-expr","locations":[{"start":{"line":57,"column":23},"end":{"line":57,"column":35}},{"start":{"line":57,"column":39},"end":{"line":57,"column":43}}],"line":57},"3":{"loc":{"start":{"line":72,"column":4},"end":{"line":74,"column":5}},"type":"if","locations":[{"start":{"line":72,"column":4},"end":{"line":74,"column":5}},{"start":{},"end":{}}],"line":72},"4":{"loc":{"start":{"line":98,"column":4},"end":{"line":100,"column":5}},"type":"if","locations":[{"start":{"line":98,"column":4},"end":{"line":100,"column":5}},{"start":{},"end":{}}],"line":98},"5":{"loc":{"start":{"line":116,"column":4},"end":{"line":118,"column":5}},"type":"if","locations":[{"start":{"line":116,"column":4},"end":{"line":118,"column":5}},{"start":{},"end":{}}],"line":116},"6":{"loc":{"start":{"line":133,"column":4},"end":{"line":135,"column":5}},"type":"if","locations":[{"start":{"line":133,"column":4},"end":{"line":135,"column":5}},{"start":{},"end":{}}],"line":133}},"s":{"0":0,"1":0,"2":0,"3":0,"4":0,"5":0,"6":0,"7":0,"8":0,"9":0,"10":0,"11":0,"12":0,"13":0,"14":0,"15":0,"16":0,"17":0,"18":0,"19":0,"20":0,"21":0,"22":0,"23":0,"24":0,"25":0,"26":0,"27":0,"28":0,"29":0,"30":0,"31":0,"32":0,"33":0,"34":0,"35":0,"36":0,"37":0,"38":0,"39":0,"40":0,"41":0,"42":0,"43":0,"44":0,"45":0,"46":0,"47":0,"48":0,"49":0,"50":0,"51":0,"52":0,"53":0,"54":0,"55":0,"56":0,"57":0,"58":0,"59":0},"f":{"0":0,"1":0,"2":0,"3":0,"4":0,"5":0},"b":{"0":[0,0],"1":[0,0],"2":[0,0],"3":[0,0],"4":[0,0],"5":[0,0],"6":[0,0]}}
,"/home/runner/work/FormForce/FormForce/server/routes/dispatch.js": {"path":"/home/runner/work/FormForce/FormForce/server/routes/dispatch.js","statementMap":{"0":{"start":{"line":1,"column":16},"end":{"line":1,"column":34}},"1":{"start":{"line":2,"column":15},"end":{"line":2,"column":31}},"2":{"start":{"line":3,"column":23},"end":{"line":3,"column":38}},"3":{"start":{"line":4,"column":11},"end":{"line":4,"column":33}},"4":{"start":{"line":7,"column":0},"end":{"line":17,"column":3}},"5":{"start":{"line":8,"column":2},"end":{"line":16,"column":3}},"6":{"start":{"line":9,"column":23},"end":{"line":11,"column":5}},"7":{"start":{"line":12,"column":4},"end":{"line":12,"column":25}},"8":{"start":{"line":14,"column":4},"end":{"line":14,"column":55}},"9":{"start":{"line":15,"column":4},"end":{"line":15,"column":66}},"10":{"start":{"line":20,"column":0},"end":{"line":31,"column":3}},"11":{"start":{"line":21,"column":2},"end":{"line":30,"column":3}},"12":{"start":{"line":22,"column":21},"end":{"line":22,"column":91}},"13":{"start":{"line":23,"column":4},"end":{"line":25,"column":5}},"14":{"start":{"line":24,"column":6},"end":{"line":24,"column":67}},"15":{"start":{"line":26,"column":4},"end":{"line":26,"column":23}},"16":{"start":{"line":28,"column":4},"end":{"line":28,"column":53}},"17":{"start":{"line":29,"column":4},"end":{"line":29,"column":64}},"18":{"start":{"line":34,"column":0},"end":{"line":76,"column":3}},"19":{"start":{"line":35,"column":2},"end":{"line":75,"column":3}},"20":{"start":{"line":46,"column":8},"end":{"line":46,"column":16}},"21":{"start":{"line":48,"column":15},"end":{"line":48,"column":23}},"22":{"start":{"line":50,"column":4},"end":{"line":66,"column":6}},"23":{"start":{"line":68,"column":15},"end":{"line":68,"column":32}},"24":{"start":{"line":69,"column":4},"end":{"line":69,"column":59}},"25":{"start":{"line":71,"column":4},"end":{"line":71,"column":62}},"26":{"start":{"line":73,"column":4},"end":{"line":73,"column":53}},"27":{"start":{"line":74,"column":4},"end":{"line":74,"column":65}},"28":{"start":{"line":79,"column":0},"end":{"line":120,"column":3}},"29":{"start":{"line":80,"column":2},"end":{"line":119,"column":3}},"30":{"start":{"line":91,"column":8},"end":{"line":91,"column":16}},"31":{"start":{"line":93,"column":4},"end":{"line":110,"column":6}},"32":{"start":{"line":112,"column":15},"end":{"line":112,"column":32}},"33":{"start":{"line":113,"column":4},"end":{"line":113,"column":74}},"34":{"start":{"line":115,"column":4},"end":{"line":115,"column":78}},"35":{"start":{"line":117,"column":4},"end":{"line":117,"column":53}},"36":{"start":{"line":118,"column":4},"end":{"line":118,"column":65}},"37":{"start":{"line":123,"column":0},"end":{"line":138,"column":3}},"38":{"start":{"line":124,"column":2},"end":{"line":137,"column":3}},"39":{"start":{"line":125,"column":4},"end":{"line":128,"column":6}},"40":{"start":{"line":130,"column":15},"end":{"line":130,"column":32}},"41":{"start":{"line":131,"column":4},"end":{"line":131,"column":76}},"42":{"start":{"line":133,"column":4},"end":{"line":133,"column":61}},"43":{"start":{"line":135,"column":4},"end":{"line":135,"column":55}},"44":{"start":{"line":136,"column":4},"end":{"line":136,"column":67}},"45":{"start":{"line":141,"column":0},"end":{"line":153,"column":3}},"46":{"start":{"line":142,"column":2},"end":{"line":152,"column":3}},"47":{"start":{"line":143,"column":4},"end":{"line":143,"column":73}},"48":{"start":{"line":145,"column":15},"end":{"line":145,"column":32}},"49":{"start":{"line":146,"column":4},"end":{"line":146,"column":74}},"50":{"start":{"line":148,"column":4},"end":{"line":148,"column":59}},"51":{"start":{"line":150,"column":4},"end":{"line":150,"column":53}},"52":{"start":{"line":151,"column":4},"end":{"line":151,"column":65}},"53":{"start":{"line":155,"column":0},"end":{"line":155,"column":24}}},"fnMap":{"0":{"name":"(anonymous_0)","decl":{"start":{"line":7,"column":16},"end":{"line":7,"column":17}},"loc":{"start":{"line":7,"column":36},"end":{"line":17,"column":1}},"line":7},"1":{"name":"(anonymous_1)","decl":{"start":{"line":20,"column":19},"end":{"line":20,"column":20}},"loc":{"start":{"line":20,"column":39},"end":{"line":31,"column":1}},"line":20},"2":{"name":"(anonymous_2)","decl":{"start":{"line":34,"column":17},"end":{"line":34,"column":18}},"loc":{"start":{"line":34,"column":37},"end":{"line":76,"column":1}},"line":34},"3":{"name":"(anonymous_3)","decl":{"start":{"line":79,"column":19},"end":{"line":79,"column":20}},"loc":{"start":{"line":79,"column":39},"end":{"line":120,"column":1}},"line":79},"4":{"name":"(anonymous_4)","decl":{"start":{"line":123,"column":29},"end":{"line":123,"column":30}},"loc":{"start":{"line":123,"column":49},"end":{"line":138,"column":1}},"line":123},"5":{"name":"(anonymous_5)","decl":{"start":{"line":141,"column":22},"end":{"line":141,"column":23}},"loc":{"start":{"line":141,"column":42},"end":{"line":153,"column":1}},"line":141}},"branchMap":{"0":{"loc":{"start":{"line":23,"column":4},"end":{"line":25,"column":5}},"type":"if","locations":[{"start":{"line":23,"column":4},"end":{"line":25,"column":5}},{"start":{},"end":{}}],"line":23},"1":{"loc":{"start":{"line":59,"column":8},"end":{"line":59,"column":24}},"type":"binary-expr","locations":[{"start":{"line":59,"column":8},"end":{"line":59,"column":16}},{"start":{"line":59,"column":20},"end":{"line":59,"column":24}}],"line":59},"2":{"loc":{"start":{"line":60,"column":8},"end":{"line":60,"column":25}},"type":"binary-expr","locations":[{"start":{"line":60,"column":8},"end":{"line":60,"column":17}},{"start":{"line":60,"column":21},"end":{"line":60,"column":25}}],"line":60},"3":{"loc":{"start":{"line":61,"column":8},"end":{"line":61,"column":27}},"type":"binary-expr","locations":[{"start":{"line":61,"column":8},"end":{"line":61,"column":19}},{"start":{"line":61,"column":23},"end":{"line":61,"column":27}}],"line":61},"4":{"loc":{"start":{"line":62,"column":8},"end":{"line":62,"column":27}},"type":"binary-expr","locations":[{"start":{"line":62,"column":8},"end":{"line":62,"column":14}},{"start":{"line":62,"column":18},"end":{"line":62,"column":27}}],"line":62},"5":{"loc":{"start":{"line":63,"column":8},"end":{"line":63,"column":28}},"type":"binary-expr","locations":[{"start":{"line":63,"column":8},"end":{"line":63,"column":16}},{"start":{"line":63,"column":20},"end":{"line":63,"column":28}}],"line":63},"6":{"loc":{"start":{"line":64,"column":8},"end":{"line":64,"column":24}},"type":"binary-expr","locations":[{"start":{"line":64,"column":8},"end":{"line":64,"column":16}},{"start":{"line":64,"column":20},"end":{"line":64,"column":24}}],"line":64}},"s":{"0":0,"1":0,"2":0,"3":0,"4":0,"5":0,"6":0,"7":0,"8":0,"9":0,"10":0,"11":0,"12":0,"13":0,"14":0,"15":0,"16":0,"17":0,"18":0,"19":0,"20":0,"21":0,"22":0,"23":0,"24":0,"25":0,"26":0,"27":0,"28":0,"29":0,"30":0,"31":0,"32":0,"33":0,"34":0,"35":0,"36":0,"37":0,"38":0,"39":0,"40":0,"41":0,"42":0,"43":0,"44":0,"45":0,"46":0,"47":0,"48":0,"49":0,"50":0,"51":0,"52":0,"53":0},"f":{"0":0,"1":0,"2":0,"3":0,"4":0,"5":0},"b":{"0":[0,0],"1":[0,0],"2":[0,0],"3":[0,0],"4":[0,0],"5":[0,0],"6":[0,0]}}
,"/home/runner/work/FormForce/FormForce/server/routes/estimates.js": {"path":"/home/runner/work/FormForce/FormForce/server/routes/estimates.js","statementMap":{"0":{"start":{"line":1,"column":16},"end":{"line":1,"column":34}},"1":{"start":{"line":2,"column":15},"end":{"line":2,"column":31}},"2":{"start":{"line":3,"column":23},"end":{"line":3,"column":38}},"3":{"start":{"line":4,"column":11},"end":{"line":4,"column":33}},"4":{"start":{"line":7,"column":31},"end":{"line":15,"column":1}},"5":{"start":{"line":8,"column":15},"end":{"line":8,"column":39}},"6":{"start":{"line":9,"column":17},"end":{"line":12,"column":3}},"7":{"start":{"line":13,"column":16},"end":{"line":13,"column":35}},"8":{"start":{"line":14,"column":2},"end":{"line":14,"column":57}},"9":{"start":{"line":18,"column":0},"end":{"line":31,"column":3}},"10":{"start":{"line":19,"column":2},"end":{"line":30,"column":3}},"11":{"start":{"line":20,"column":22},"end":{"line":25,"column":6}},"12":{"start":{"line":26,"column":4},"end":{"line":26,"column":24}},"13":{"start":{"line":28,"column":4},"end":{"line":28,"column":54}},"14":{"start":{"line":29,"column":4},"end":{"line":29,"column":65}},"15":{"start":{"line":34,"column":0},"end":{"line":51,"column":3}},"16":{"start":{"line":35,"column":2},"end":{"line":50,"column":3}},"17":{"start":{"line":36,"column":21},"end":{"line":42,"column":5}},"18":{"start":{"line":43,"column":4},"end":{"line":45,"column":5}},"19":{"start":{"line":44,"column":6},"end":{"line":44,"column":67}},"20":{"start":{"line":46,"column":4},"end":{"line":46,"column":23}},"21":{"start":{"line":48,"column":4},"end":{"line":48,"column":53}},"22":{"start":{"line":49,"column":4},"end":{"line":49,"column":64}},"23":{"start":{"line":54,"column":0},"end":{"line":102,"column":3}},"24":{"start":{"line":55,"column":2},"end":{"line":101,"column":3}},"25":{"start":{"line":65,"column":8},"end":{"line":65,"column":16}},"26":{"start":{"line":67,"column":4},"end":{"line":69,"column":5}},"27":{"start":{"line":68,"column":6},"end":{"line":68,"column":80}},"28":{"start":{"line":72,"column":18},"end":{"line":72,"column":48}},"29":{"start":{"line":73,"column":21},"end":{"line":73,"column":92}},"30":{"start":{"line":73,"column":49},"end":{"line":73,"column":88}},"31":{"start":{"line":74,"column":23},"end":{"line":74,"column":55}},"32":{"start":{"line":75,"column":18},"end":{"line":75,"column":39}},"33":{"start":{"line":77,"column":15},"end":{"line":77,"column":23}},"34":{"start":{"line":78,"column":28},"end":{"line":78,"column":58}},"35":{"start":{"line":79,"column":23},"end":{"line":79,"column":43}},"36":{"start":{"line":81,"column":4},"end":{"line":89,"column":7}},"37":{"start":{"line":91,"column":21},"end":{"line":91,"column":79}},"38":{"start":{"line":93,"column":4},"end":{"line":95,"column":5}},"39":{"start":{"line":94,"column":6},"end":{"line":94,"column":59}},"40":{"start":{"line":97,"column":4},"end":{"line":97,"column":35}},"41":{"start":{"line":99,"column":4},"end":{"line":99,"column":53}},"42":{"start":{"line":100,"column":4},"end":{"line":100,"column":65}},"43":{"start":{"line":105,"column":0},"end":{"line":152,"column":3}},"44":{"start":{"line":106,"column":2},"end":{"line":151,"column":3}},"45":{"start":{"line":116,"column":8},"end":{"line":116,"column":16}},"46":{"start":{"line":118,"column":4},"end":{"line":120,"column":5}},"47":{"start":{"line":119,"column":6},"end":{"line":119,"column":80}},"48":{"start":{"line":123,"column":18},"end":{"line":123,"column":48}},"49":{"start":{"line":124,"column":21},"end":{"line":124,"column":92}},"50":{"start":{"line":124,"column":49},"end":{"line":124,"column":88}},"51":{"start":{"line":125,"column":23},"end":{"line":125,"column":55}},"52":{"start":{"line":126,"column":18},"end":{"line":126,"column":39}},"53":{"start":{"line":128,"column":4},"end":{"line":139,"column":7}},"54":{"start":{"line":141,"column":21},"end":{"line":141,"column":90}},"55":{"start":{"line":143,"column":4},"end":{"line":145,"column":5}},"56":{"start":{"line":144,"column":6},"end":{"line":144,"column":59}},"57":{"start":{"line":147,"column":4},"end":{"line":147,"column":23}},"58":{"start":{"line":149,"column":4},"end":{"line":149,"column":53}},"59":{"start":{"line":150,"column":4},"end":{"line":150,"column":65}},"60":{"start":{"line":155,"column":0},"end":{"line":168,"column":3}},"61":{"start":{"line":156,"column":2},"end":{"line":167,"column":3}},"62":{"start":{"line":157,"column":4},"end":{"line":157,"column":72}},"63":{"start":{"line":159,"column":4},"end":{"line":161,"column":5}},"64":{"start":{"line":160,"column":6},"end":{"line":160,"column":64}},"65":{"start":{"line":163,"column":4},"end":{"line":163,"column":59}},"66":{"start":{"line":165,"column":4},"end":{"line":165,"column":53}},"67":{"start":{"line":166,"column":4},"end":{"line":166,"column":65}},"68":{"start":{"line":171,"column":0},"end":{"line":219,"column":3}},"69":{"start":{"line":172,"column":2},"end":{"line":218,"column":3}},"70":{"start":{"line":173,"column":21},"end":{"line":173,"column":90}},"71":{"start":{"line":175,"column":4},"end":{"line":177,"column":5}},"72":{"start":{"line":176,"column":6},"end":{"line":176,"column":67}},"73":{"start":{"line":180,"column":17},"end":{"line":180,"column":41}},"74":{"start":{"line":181,"column":19},"end":{"line":184,"column":5}},"75":{"start":{"line":185,"column":18},"end":{"line":185,"column":37}},"76":{"start":{"line":186,"column":27},"end":{"line":186,"column":74}},"77":{"start":{"line":188,"column":15},"end":{"line":188,"column":23}},"78":{"start":{"line":189,"column":23},"end":{"line":189,"column":43}},"79":{"start":{"line":190,"column":21},"end":{"line":190,"column":117}},"80":{"start":{"line":192,"column":4},"end":{"line":202,"column":7}},"81":{"start":{"line":205,"column":4},"end":{"line":205,"column":94}},"82":{"start":{"line":207,"column":20},"end":{"line":207,"column":77}},"83":{"start":{"line":209,"column":4},"end":{"line":212,"column":5}},"84":{"start":{"line":210,"column":6},"end":{"line":210,"column":57}},"85":{"start":{"line":211,"column":6},"end":{"line":211,"column":86}},"86":{"start":{"line":214,"column":4},"end":{"line":214,"column":34}},"87":{"start":{"line":216,"column":4},"end":{"line":216,"column":66}},"88":{"start":{"line":217,"column":4},"end":{"line":217,"column":77}},"89":{"start":{"line":221,"column":0},"end":{"line":221,"column":24}}},"fnMap":{"0":{"name":"(anonymous_0)","decl":{"start":{"line":7,"column":31},"end":{"line":7,"column":32}},"loc":{"start":{"line":7,"column":43},"end":{"line":15,"column":1}},"line":7},"1":{"name":"(anonymous_1)","decl":{"start":{"line":18,"column":16},"end":{"line":18,"column":17}},"loc":{"start":{"line":18,"column":36},"end":{"line":31,"column":1}},"line":18},"2":{"name":"(anonymous_2)","decl":{"start":{"line":34,"column":19},"end":{"line":34,"column":20}},"loc":{"start":{"line":34,"column":39},"end":{"line":51,"column":1}},"line":34},"3":{"name":"(anonymous_3)","decl":{"start":{"line":54,"column":17},"end":{"line":54,"column":18}},"loc":{"start":{"line":54,"column":37},"end":{"line":102,"column":1}},"line":54},"4":{"name":"(anonymous_4)","decl":{"start":{"line":73,"column":34},"end":{"line":73,"column":35}},"loc":{"start":{"line":73,"column":49},"end":{"line":73,"column":88}},"line":73},"5":{"name":"(anonymous_5)","decl":{"start":{"line":105,"column":19},"end":{"line":105,"column":20}},"loc":{"start":{"line":105,"column":39},"end":{"line":152,"column":1}},"line":105},"6":{"name":"(anonymous_6)","decl":{"start":{"line":124,"column":34},"end":{"line":124,"column":35}},"loc":{"start":{"line":124,"column":49},"end":{"line":124,"column":88}},"line":124},"7":{"name":"(anonymous_7)","decl":{"start":{"line":155,"column":22},"end":{"line":155,"column":23}},"loc":{"start":{"line":155,"column":42},"end":{"line":168,"column":1}},"line":155},"8":{"name":"(anonymous_8)","decl":{"start":{"line":171,"column":39},"end":{"line":171,"column":40}},"loc":{"start":{"line":171,"column":59},"end":{"line":219,"column":1}},"line":171}},"branchMap":{"0":{"loc":{"start":{"line":43,"column":4},"end":{"line":45,"column":5}},"type":"if","locations":[{"start":{"line":43,"column":4},"end":{"line":45,"column":5}},{"start":{},"end":{}}],"line":43},"1":{"loc":{"start":{"line":67,"column":4},"end":{"line":69,"column":5}},"type":"if","locations":[{"start":{"line":67,"column":4},"end":{"line":69,"column":5}},{"start":{},"end":{}}],"line":67},"2":{"loc":{"start":{"line":67,"column":8},"end":{"line":67,"column":30}},"type":"binary-expr","locations":[{"start":{"line":67,"column":8},"end":{"line":67,"column":20}},{"start":{"line":67,"column":24},"end":{"line":67,"column":30}}],"line":67},"3":{"loc":{"start":{"line":72,"column":29},"end":{"line":72,"column":47}},"type":"binary-expr","locations":[{"start":{"line":72,"column":29},"end":{"line":72,"column":39}},{"start":{"line":72,"column":43},"end":{"line":72,"column":47}}],"line":72},"4":{"loc":{"start":{"line":74,"column":35},"end":{"line":74,"column":48}},"type":"binary-expr","locations":[{"start":{"line":74,"column":35},"end":{"line":74,"column":43}},{"start":{"line":74,"column":47},"end":{"line":74,"column":48}}],"line":74},"5":{"loc":{"start":{"line":79,"column":23},"end":{"line":79,"column":43}},"type":"binary-expr","locations":[{"start":{"line":79,"column":23},"end":{"line":79,"column":35}},{"start":{"line":79,"column":39},"end":{"line":79,"column":43}}],"line":79},"6":{"loc":{"start":{"line":87,"column":60},"end":{"line":87,"column":77}},"type":"binary-expr","locations":[{"start":{"line":87,"column":60},"end":{"line":87,"column":66}},{"start":{"line":87,"column":70},"end":{"line":87,"column":77}}],"line":87},"7":{"loc":{"start":{"line":88,"column":16},"end":{"line":88,"column":29}},"type":"binary-expr","locations":[{"start":{"line":88,"column":16},"end":{"line":88,"column":24}},{"start":{"line":88,"column":28},"end":{"line":88,"column":29}}],"line":88},"8":{"loc":{"start":{"line":93,"column":4},"end":{"line":95,"column":5}},"type":"if","locations":[{"start":{"line":93,"column":4},"end":{"line":95,"column":5}},{"start":{},"end":{}}],"line":93},"9":{"loc":{"start":{"line":118,"column":4},"end":{"line":120,"column":5}},"type":"if","locations":[{"start":{"line":118,"column":4},"end":{"line":120,"column":5}},{"start":{},"end":{}}],"line":118},"10":{"loc":{"start":{"line":118,"column":8},"end":{"line":118,"column":30}},"type":"binary-expr","locations":[{"start":{"line":118,"column":8},"end":{"line":118,"column":20}},{"start":{"line":118,"column":24},"end":{"line":118,"column":30}}],"line":118},"11":{"loc":{"start":{"line":123,"column":29},"end":{"line":123,"column":47}},"type":"binary-expr","locations":[{"start":{"line":123,"column":29},"end":{"line":123,"column":39}},{"start":{"line":123,"column":43},"end":{"line":123,"column":47}}],"line":123},"12":{"loc":{"start":{"line":125,"column":35},"end":{"line":125,"column":48}},"type":"binary-expr","locations":[{"start":{"line":125,"column":35},"end":{"line":125,"column":43}},{"start":{"line":125,"column":47},"end":{"line":125,"column":48}}],"line":125},"13":{"loc":{"start":{"line":137,"column":16},"end":{"line":137,"column":29}},"type":"binary-expr","locations":[{"start":{"line":137,"column":16},"end":{"line":137,"column":24}},{"start":{"line":137,"column":28},"end":{"line":137,"column":29}}],"line":137},"14":{"loc":{"start":{"line":143,"column":4},"end":{"line":145,"column":5}},"type":"if","locations":[{"start":{"line":143,"column":4},"end":{"line":145,"column":5}},{"start":{},"end":{}}],"line":143},"15":{"loc":{"start":{"line":159,"column":4},"end":{"line":161,"column":5}},"type":"if","locations":[{"start":{"line":159,"column":4},"end":{"line":161,"column":5}},{"start":{},"end":{}}],"line":159},"16":{"loc":{"start":{"line":175,"column":4},"end":{"line":177,"column":5}},"type":"if","locations":[{"start":{"line":175,"column":4},"end":{"line":177,"column":5}},{"start":{},"end":{}}],"line":175},"17":{"loc":{"start":{"line":189,"column":23},"end":{"line":189,"column":43}},"type":"binary-expr","locations":[{"start":{"line":189,"column":23},"end":{"line":189,"column":35}},{"start":{"line":189,"column":39},"end":{"line":189,"column":43}}],"line":189},"18":{"loc":{"start":{"line":190,"column":21},"end":{"line":190,"column":117}},"type":"binary-expr","locations":[{"start":{"line":190,"column":21},"end":{"line":190,"column":38}},{"start":{"line":190,"column":42},"end":{"line":190,"column":117}}],"line":190},"19":{"loc":{"start":{"line":209,"column":4},"end":{"line":212,"column":5}},"type":"if","locations":[{"start":{"line":209,"column":4},"end":{"line":212,"column":5}},{"start":{},"end":{}}],"line":209}},"s":{"0":0,"1":0,"2":0,"3":0,"4":0,"5":0,"6":0,"7":0,"8":0,"9":0,"10":0,"11":0,"12":0,"13":0,"14":0,"15":0,"16":0,"17":0,"18":0,"19":0,"20":0,"21":0,"22":0,"23":0,"24":0,"25":0,"26":0,"27":0,"28":0,"29":0,"30":0,"31":0,"32":0,"33":0,"34":0,"35":0,"36":0,"37":0,"38":0,"39":0,"40":0,"41":0,"42":0,"43":0,"44":0,"45":0,"46":0,"47":0,"48":0,"49":0,"50":0,"51":0,"52":0,"53":0,"54":0,"55":0,"56":0,"57":0,"58":0,"59":0,"60":0,"61":0,"62":0,"63":0,"64":0,"65":0,"66":0,"67":0,"68":0,"69":0,"70":0,"71":0,"72":0,"73":0,"74":0,"75":0,"76":0,"77":0,"78":0,"79":0,"80":0,"81":0,"82":0,"83":0,"84":0,"85":0,"86":0,"87":0,"88":0,"89":0},"f":{"0":0,"1":0,"2":0,"3":0,"4":0,"5":0,"6":0,"7":0,"8":0},"b":{"0":[0,0],"1":[0,0],"2":[0,0],"3":[0,0],"4":[0,0],"5":[0,0],"6":[0,0],"7":[0,0],"8":[0,0],"9":[0,0],"10":[0,0],"11":[0,0],"12":[0,0],"13":[0,0],"14":[0,0],"15":[0,0],"16":[0,0],"17":[0,0],"18":[0,0],"19":[0,0]}}
,"/home/runner/work/FormForce/FormForce/server/routes/forms.js": {"path":"/home/runner/work/FormForce/FormForce/server/routes/forms.js","statementMap":{"0":{"start":{"line":1,"column":16},"end":{"line":1,"column":34}},"1":{"start":{"line":2,"column":15},"end":{"line":2,"column":31}},"2":{"start":{"line":3,"column":23},"end":{"line":3,"column":38}},"3":{"start":{"line":4,"column":11},"end":{"line":4,"column":33}},"4":{"start":{"line":7,"column":0},"end":{"line":18,"column":3}},"5":{"start":{"line":8,"column":2},"end":{"line":17,"column":3}},"6":{"start":{"line":9,"column":18},"end":{"line":9,"column":80}},"7":{"start":{"line":10,"column":4},"end":{"line":13,"column":9}},"8":{"start":{"line":10,"column":32},"end":{"line":13,"column":5}},"9":{"start":{"line":15,"column":4},"end":{"line":15,"column":50}},"10":{"start":{"line":16,"column":4},"end":{"line":16,"column":61}},"11":{"start":{"line":21,"column":0},"end":{"line":35,"column":3}},"12":{"start":{"line":22,"column":2},"end":{"line":34,"column":3}},"13":{"start":{"line":23,"column":17},"end":{"line":23,"column":82}},"14":{"start":{"line":24,"column":4},"end":{"line":26,"column":5}},"15":{"start":{"line":25,"column":6},"end":{"line":25,"column":63}},"16":{"start":{"line":27,"column":4},"end":{"line":30,"column":7}},"17":{"start":{"line":32,"column":4},"end":{"line":32,"column":49}},"18":{"start":{"line":33,"column":4},"end":{"line":33,"column":60}},"19":{"start":{"line":38,"column":0},"end":{"line":53,"column":3}},"20":{"start":{"line":39,"column":2},"end":{"line":52,"column":3}},"21":{"start":{"line":40,"column":55},"end":{"line":40,"column":63}},"22":{"start":{"line":41,"column":15},"end":{"line":41,"column":23}},"23":{"start":{"line":43,"column":4},"end":{"line":46,"column":6}},"24":{"start":{"line":48,"column":4},"end":{"line":48,"column":61}},"25":{"start":{"line":50,"column":4},"end":{"line":50,"column":49}},"26":{"start":{"line":51,"column":4},"end":{"line":51,"column":61}},"27":{"start":{"line":56,"column":0},"end":{"line":68,"column":3}},"28":{"start":{"line":57,"column":2},"end":{"line":67,"column":3}},"29":{"start":{"line":58,"column":43},"end":{"line":58,"column":51}},"30":{"start":{"line":59,"column":4},"end":{"line":62,"column":6}},"31":{"start":{"line":63,"column":4},"end":{"line":63,"column":64}},"32":{"start":{"line":65,"column":4},"end":{"line":65,"column":49}},"33":{"start":{"line":66,"column":4},"end":{"line":66,"column":61}},"34":{"start":{"line":71,"column":0},"end":{"line":79,"column":3}},"35":{"start":{"line":72,"column":2},"end":{"line":78,"column":3}},"36":{"start":{"line":73,"column":4},"end":{"line":73,"column":68}},"37":{"start":{"line":74,"column":4},"end":{"line":74,"column":55}},"38":{"start":{"line":76,"column":4},"end":{"line":76,"column":49}},"39":{"start":{"line":77,"column":4},"end":{"line":77,"column":61}},"40":{"start":{"line":82,"column":0},"end":{"line":97,"column":3}},"41":{"start":{"line":83,"column":2},"end":{"line":96,"column":3}},"42":{"start":{"line":84,"column":46},"end":{"line":84,"column":54}},"43":{"start":{"line":85,"column":15},"end":{"line":85,"column":23}},"44":{"start":{"line":87,"column":4},"end":{"line":90,"column":6}},"45":{"start":{"line":92,"column":4},"end":{"line":92,"column":73}},"46":{"start":{"line":94,"column":4},"end":{"line":94,"column":51}},"47":{"start":{"line":95,"column":4},"end":{"line":95,"column":61}},"48":{"start":{"line":100,"column":0},"end":{"line":114,"column":3}},"49":{"start":{"line":101,"column":2},"end":{"line":113,"column":3}},"50":{"start":{"line":102,"column":24},"end":{"line":105,"column":5}},"51":{"start":{"line":106,"column":4},"end":{"line":109,"column":9}},"52":{"start":{"line":106,"column":37},"end":{"line":109,"column":5}},"53":{"start":{"line":111,"column":4},"end":{"line":111,"column":56}},"54":{"start":{"line":112,"column":4},"end":{"line":112,"column":67}},"55":{"start":{"line":116,"column":0},"end":{"line":116,"column":24}}},"fnMap":{"0":{"name":"(anonymous_0)","decl":{"start":{"line":7,"column":16},"end":{"line":7,"column":17}},"loc":{"start":{"line":7,"column":36},"end":{"line":18,"column":1}},"line":7},"1":{"name":"(anonymous_1)","decl":{"start":{"line":10,"column":23},"end":{"line":10,"column":24}},"loc":{"start":{"line":10,"column":32},"end":{"line":13,"column":5}},"line":10},"2":{"name":"(anonymous_2)","decl":{"start":{"line":21,"column":19},"end":{"line":21,"column":20}},"loc":{"start":{"line":21,"column":39},"end":{"line":35,"column":1}},"line":21},"3":{"name":"(anonymous_3)","decl":{"start":{"line":38,"column":17},"end":{"line":38,"column":18}},"loc":{"start":{"line":38,"column":37},"end":{"line":53,"column":1}},"line":38},"4":{"name":"(anonymous_4)","decl":{"start":{"line":56,"column":19},"end":{"line":56,"column":20}},"loc":{"start":{"line":56,"column":39},"end":{"line":68,"column":1}},"line":56},"5":{"name":"(anonymous_5)","decl":{"start":{"line":71,"column":22},"end":{"line":71,"column":23}},"loc":{"start":{"line":71,"column":42},"end":{"line":79,"column":1}},"line":71},"6":{"name":"(anonymous_6)","decl":{"start":{"line":82,"column":27},"end":{"line":82,"column":28}},"loc":{"start":{"line":82,"column":47},"end":{"line":97,"column":1}},"line":82},"7":{"name":"(anonymous_7)","decl":{"start":{"line":100,"column":31},"end":{"line":100,"column":32}},"loc":{"start":{"line":100,"column":51},"end":{"line":114,"column":1}},"line":100},"8":{"name":"(anonymous_8)","decl":{"start":{"line":106,"column":29},"end":{"line":106,"column":30}},"loc":{"start":{"line":106,"column":37},"end":{"line":109,"column":5}},"line":106}},"branchMap":{"0":{"loc":{"start":{"line":24,"column":4},"end":{"line":26,"column":5}},"type":"if","locations":[{"start":{"line":24,"column":4},"end":{"line":26,"column":5}},{"start":{},"end":{}}],"line":24},"1":{"loc":{"start":{"line":45,"column":55},"end":{"line":45,"column":73}},"type":"binary-expr","locations":[{"start":{"line":45,"column":55},"end":{"line":45,"column":65}},{"start":{"line":45,"column":69},"end":{"line":45,"column":73}}],"line":45},"2":{"loc":{"start":{"line":89,"column":48},"end":{"line":89,"column":65}},"type":"binary-expr","locations":[{"start":{"line":89,"column":48},"end":{"line":89,"column":57}},{"start":{"line":89,"column":61},"end":{"line":89,"column":65}}],"line":89},"3":{"loc":{"start":{"line":89,"column":67},"end":{"line":89,"column":87}},"type":"binary-expr","locations":[{"start":{"line":89,"column":67},"end":{"line":89,"column":79}},{"start":{"line":89,"column":83},"end":{"line":89,"column":87}}],"line":89}},"s":{"0":0,"1":0,"2":0,"3":0,"4":0,"5":0,"6":0,"7":0,"8":0,"9":0,"10":0,"11":0,"12":0,"13":0,"14":0,"15":0,"16":0,"17":0,"18":0,"19":0,"20":0,"21":0,"22":0,"23":0,"24":0,"25":0,"26":0,"27":0,"28":0,"29":0,"30":0,"31":0,"32":0,"33":0,"34":0,"35":0,"36":0,"37":0,"38":0,"39":0,"40":0,"41":0,"42":0,"43":0,"44":0,"45":0,"46":0,"47":0,"48":0,"49":0,"50":0,"51":0,"52":0,"53":0,"54":0,"55":0},"f":{"0":0,"1":0,"2":0,"3":0,"4":0,"5":0,"6":0,"7":0,"8":0},"b":{"0":[0,0],"1":[0,0],"2":[0,0],"3":[0,0]}}
,"/home/runner/work/FormForce/FormForce/server/routes/inventory.js": {"path":"/home/runner/work/FormForce/FormForce/server/routes/inventory.js","statementMap":{"0":{"start":{"line":1,"column":16},"end":{"line":1,"column":34}},"1":{"start":{"line":2,"column":15},"end":{"line":2,"column":31}},"2":{"start":{"line":3,"column":23},"end":{"line":3,"column":38}},"3":{"start":{"line":4,"column":11},"end":{"line":4,"column":33}},"4":{"start":{"line":7,"column":0},"end":{"line":17,"column":3}},"5":{"start":{"line":8,"column":2},"end":{"line":16,"column":3}},"6":{"start":{"line":9,"column":18},"end":{"line":11,"column":5}},"7":{"start":{"line":12,"column":4},"end":{"line":12,"column":20}},"8":{"start":{"line":14,"column":4},"end":{"line":14,"column":54}},"9":{"start":{"line":15,"column":4},"end":{"line":15,"column":65}},"10":{"start":{"line":20,"column":0},"end":{"line":31,"column":3}},"11":{"start":{"line":21,"column":2},"end":{"line":30,"column":3}},"12":{"start":{"line":22,"column":17},"end":{"line":22,"column":86}},"13":{"start":{"line":23,"column":4},"end":{"line":25,"column":5}},"14":{"start":{"line":24,"column":6},"end":{"line":24,"column":63}},"15":{"start":{"line":26,"column":4},"end":{"line":26,"column":19}},"16":{"start":{"line":28,"column":4},"end":{"line":28,"column":49}},"17":{"start":{"line":29,"column":4},"end":{"line":29,"column":60}},"18":{"start":{"line":34,"column":0},"end":{"line":72,"column":3}},"19":{"start":{"line":35,"column":2},"end":{"line":71,"column":3}},"20":{"start":{"line":44,"column":8},"end":{"line":44,"column":16}},"21":{"start":{"line":46,"column":15},"end":{"line":46,"column":23}},"22":{"start":{"line":48,"column":4},"end":{"line":62,"column":6}},"23":{"start":{"line":64,"column":15},"end":{"line":64,"column":32}},"24":{"start":{"line":65,"column":4},"end":{"line":65,"column":60}},"25":{"start":{"line":67,"column":4},"end":{"line":67,"column":49}},"26":{"start":{"line":69,"column":4},"end":{"line":69,"column":59}},"27":{"start":{"line":70,"column":4},"end":{"line":70,"column":61}},"28":{"start":{"line":75,"column":0},"end":{"line":104,"column":3}},"29":{"start":{"line":76,"column":2},"end":{"line":103,"column":3}},"30":{"start":{"line":85,"column":8},"end":{"line":85,"column":16}},"31":{"start":{"line":87,"column":4},"end":{"line":94,"column":6}},"32":{"start":{"line":96,"column":15},"end":{"line":96,"column":32}},"33":{"start":{"line":97,"column":4},"end":{"line":97,"column":75}},"34":{"start":{"line":99,"column":4},"end":{"line":99,"column":74}},"35":{"start":{"line":101,"column":4},"end":{"line":101,"column":49}},"36":{"start":{"line":102,"column":4},"end":{"line":102,"column":61}},"37":{"start":{"line":107,"column":0},"end":{"line":133,"column":3}},"38":{"start":{"line":108,"column":2},"end":{"line":132,"column":3}},"39":{"start":{"line":109,"column":39},"end":{"line":109,"column":47}},"40":{"start":{"line":111,"column":4},"end":{"line":117,"column":6}},"41":{"start":{"line":119,"column":17},"end":{"line":119,"column":86}},"42":{"start":{"line":121,"column":15},"end":{"line":121,"column":32}},"43":{"start":{"line":122,"column":4},"end":{"line":126,"column":7}},"44":{"start":{"line":128,"column":4},"end":{"line":128,"column":19}},"45":{"start":{"line":130,"column":4},"end":{"line":130,"column":53}},"46":{"start":{"line":131,"column":4},"end":{"line":131,"column":65}},"47":{"start":{"line":136,"column":0},"end":{"line":148,"column":3}},"48":{"start":{"line":137,"column":2},"end":{"line":147,"column":3}},"49":{"start":{"line":138,"column":4},"end":{"line":138,"column":72}},"50":{"start":{"line":140,"column":15},"end":{"line":140,"column":32}},"51":{"start":{"line":141,"column":4},"end":{"line":141,"column":75}},"52":{"start":{"line":143,"column":4},"end":{"line":143,"column":55}},"53":{"start":{"line":145,"column":4},"end":{"line":145,"column":49}},"54":{"start":{"line":146,"column":4},"end":{"line":146,"column":61}},"55":{"start":{"line":150,"column":0},"end":{"line":150,"column":24}}},"fnMap":{"0":{"name":"(anonymous_0)","decl":{"start":{"line":7,"column":16},"end":{"line":7,"column":17}},"loc":{"start":{"line":7,"column":36},"end":{"line":17,"column":1}},"line":7},"1":{"name":"(anonymous_1)","decl":{"start":{"line":20,"column":19},"end":{"line":20,"column":20}},"loc":{"start":{"line":20,"column":39},"end":{"line":31,"column":1}},"line":20},"2":{"name":"(anonymous_2)","decl":{"start":{"line":34,"column":17},"end":{"line":34,"column":18}},"loc":{"start":{"line":34,"column":37},"end":{"line":72,"column":1}},"line":34},"3":{"name":"(anonymous_3)","decl":{"start":{"line":75,"column":19},"end":{"line":75,"column":20}},"loc":{"start":{"line":75,"column":39},"end":{"line":104,"column":1}},"line":75},"4":{"name":"(anonymous_4)","decl":{"start":{"line":107,"column":30},"end":{"line":107,"column":31}},"loc":{"start":{"line":107,"column":50},"end":{"line":133,"column":1}},"line":107},"5":{"name":"(anonymous_5)","decl":{"start":{"line":136,"column":22},"end":{"line":136,"column":23}},"loc":{"start":{"line":136,"column":42},"end":{"line":148,"column":1}},"line":136}},"branchMap":{"0":{"loc":{"start":{"line":23,"column":4},"end":{"line":25,"column":5}},"type":"if","locations":[{"start":{"line":23,"column":4},"end":{"line":25,"column":5}},{"start":{},"end":{}}],"line":23},"1":{"loc":{"start":{"line":56,"column":8},"end":{"line":56,"column":21}},"type":"binary-expr","locations":[{"start":{"line":56,"column":8},"end":{"line":56,"column":16}},{"start":{"line":56,"column":20},"end":{"line":56,"column":21}}],"line":56},"2":{"loc":{"start":{"line":60,"column":8},"end":{"line":60,"column":26}},"type":"binary-expr","locations":[{"start":{"line":60,"column":8},"end":{"line":60,"column":18}},{"start":{"line":60,"column":22},"end":{"line":60,"column":26}}],"line":60},"3":{"loc":{"start":{"line":116,"column":19},"end":{"line":116,"column":37}},"type":"binary-expr","locations":[{"start":{"line":116,"column":19},"end":{"line":116,"column":29}},{"start":{"line":116,"column":33},"end":{"line":116,"column":37}}],"line":116}},"s":{"0":0,"1":0,"2":0,"3":0,"4":0,"5":0,"6":0,"7":0,"8":0,"9":0,"10":0,"11":0,"12":0,"13":0,"14":0,"15":0,"16":0,"17":0,"18":0,"19":0,"20":0,"21":0,"22":0,"23":0,"24":0,"25":0,"26":0,"27":0,"28":0,"29":0,"30":0,"31":0,"32":0,"33":0,"34":0,"35":0,"36":0,"37":0,"38":0,"39":0,"40":0,"41":0,"42":0,"43":0,"44":0,"45":0,"46":0,"47":0,"48":0,"49":0,"50":0,"51":0,"52":0,"53":0,"54":0,"55":0},"f":{"0":0,"1":0,"2":0,"3":0,"4":0,"5":0},"b":{"0":[0,0],"1":[0,0],"2":[0,0],"3":[0,0]}}
,"/home/runner/work/FormForce/FormForce/server/routes/invoices.js": {"path":"/home/runner/work/FormForce/FormForce/server/routes/invoices.js","statementMap":{"0":{"start":{"line":1,"column":16},"end":{"line":1,"column":34}},"1":{"start":{"line":2,"column":15},"end":{"line":2,"column":31}},"2":{"start":{"line":3,"column":23},"end":{"line":3,"column":38}},"3":{"start":{"line":4,"column":11},"end":{"line":4,"column":33}},"4":{"start":{"line":7,"column":30},"end":{"line":15,"column":1}},"5":{"start":{"line":8,"column":15},"end":{"line":8,"column":39}},"6":{"start":{"line":9,"column":17},"end":{"line":12,"column":3}},"7":{"start":{"line":13,"column":16},"end":{"line":13,"column":35}},"8":{"start":{"line":14,"column":2},"end":{"line":14,"column":57}},"9":{"start":{"line":18,"column":0},"end":{"line":31,"column":3}},"10":{"start":{"line":19,"column":2},"end":{"line":30,"column":3}},"11":{"start":{"line":20,"column":21},"end":{"line":25,"column":6}},"12":{"start":{"line":26,"column":4},"end":{"line":26,"column":23}},"13":{"start":{"line":28,"column":4},"end":{"line":28,"column":53}},"14":{"start":{"line":29,"column":4},"end":{"line":29,"column":64}},"15":{"start":{"line":34,"column":0},"end":{"line":51,"column":3}},"16":{"start":{"line":35,"column":2},"end":{"line":50,"column":3}},"17":{"start":{"line":36,"column":20},"end":{"line":42,"column":5}},"18":{"start":{"line":43,"column":4},"end":{"line":45,"column":5}},"19":{"start":{"line":44,"column":6},"end":{"line":44,"column":66}},"20":{"start":{"line":46,"column":4},"end":{"line":46,"column":22}},"21":{"start":{"line":48,"column":4},"end":{"line":48,"column":52}},"22":{"start":{"line":49,"column":4},"end":{"line":49,"column":63}},"23":{"start":{"line":54,"column":0},"end":{"line":102,"column":3}},"24":{"start":{"line":55,"column":2},"end":{"line":101,"column":3}},"25":{"start":{"line":65,"column":8},"end":{"line":65,"column":16}},"26":{"start":{"line":67,"column":4},"end":{"line":69,"column":5}},"27":{"start":{"line":68,"column":6},"end":{"line":68,"column":80}},"28":{"start":{"line":72,"column":18},"end":{"line":72,"column":48}},"29":{"start":{"line":73,"column":21},"end":{"line":73,"column":92}},"30":{"start":{"line":73,"column":49},"end":{"line":73,"column":88}},"31":{"start":{"line":74,"column":23},"end":{"line":74,"column":55}},"32":{"start":{"line":75,"column":18},"end":{"line":75,"column":39}},"33":{"start":{"line":77,"column":15},"end":{"line":77,"column":23}},"34":{"start":{"line":78,"column":27},"end":{"line":78,"column":56}},"35":{"start":{"line":79,"column":23},"end":{"line":79,"column":43}},"36":{"start":{"line":81,"column":4},"end":{"line":89,"column":7}},"37":{"start":{"line":91,"column":20},"end":{"line":91,"column":77}},"38":{"start":{"line":93,"column":4},"end":{"line":95,"column":5}},"39":{"start":{"line":94,"column":6},"end":{"line":94,"column":57}},"40":{"start":{"line":97,"column":4},"end":{"line":97,"column":34}},"41":{"start":{"line":99,"column":4},"end":{"line":99,"column":52}},"42":{"start":{"line":100,"column":4},"end":{"line":100,"column":64}},"43":{"start":{"line":105,"column":0},"end":{"line":152,"column":3}},"44":{"start":{"line":106,"column":2},"end":{"line":151,"column":3}},"45":{"start":{"line":116,"column":8},"end":{"line":116,"column":16}},"46":{"start":{"line":118,"column":4},"end":{"line":120,"column":5}},"47":{"start":{"line":119,"column":6},"end":{"line":119,"column":80}},"48":{"start":{"line":123,"column":18},"end":{"line":123,"column":48}},"49":{"start":{"line":124,"column":21},"end":{"line":124,"column":92}},"50":{"start":{"line":124,"column":49},"end":{"line":124,"column":88}},"51":{"start":{"line":125,"column":23},"end":{"line":125,"column":55}},"52":{"start":{"line":126,"column":18},"end":{"line":126,"column":39}},"53":{"start":{"line":128,"column":4},"end":{"line":139,"column":7}},"54":{"start":{"line":141,"column":20},"end":{"line":141,"column":88}},"55":{"start":{"line":143,"column":4},"end":{"line":145,"column":5}},"56":{"start":{"line":144,"column":6},"end":{"line":144,"column":57}},"57":{"start":{"line":147,"column":4},"end":{"line":147,"column":22}},"58":{"start":{"line":149,"column":4},"end":{"line":149,"column":52}},"59":{"start":{"line":150,"column":4},"end":{"line":150,"column":64}},"60":{"start":{"line":155,"column":0},"end":{"line":168,"column":3}},"61":{"start":{"line":156,"column":2},"end":{"line":167,"column":3}},"62":{"start":{"line":157,"column":4},"end":{"line":157,"column":71}},"63":{"start":{"line":159,"column":4},"end":{"line":161,"column":5}},"64":{"start":{"line":160,"column":6},"end":{"line":160,"column":63}},"65":{"start":{"line":163,"column":4},"end":{"line":163,"column":58}},"66":{"start":{"line":165,"column":4},"end":{"line":165,"column":52}},"67":{"start":{"line":166,"column":4},"end":{"line":166,"column":64}},"68":{"start":{"line":171,"column":0},"end":{"line":217,"column":3}},"69":{"start":{"line":172,"column":2},"end":{"line":216,"column":3}},"70":{"start":{"line":173,"column":23},"end":{"line":173,"column":31}},"71":{"start":{"line":175,"column":4},"end":{"line":177,"column":5}},"72":{"start":{"line":176,"column":6},"end":{"line":176,"column":81}},"73":{"start":{"line":179,"column":20},"end":{"line":179,"column":88}},"74":{"start":{"line":181,"column":4},"end":{"line":183,"column":5}},"75":{"start":{"line":182,"column":6},"end":{"line":182,"column":66}},"76":{"start":{"line":186,"column":30},"end":{"line":186,"column":66}},"77":{"start":{"line":187,"column":26},"end":{"line":187,"column":44}},"78":{"start":{"line":188,"column":25},"end":{"line":188,"column":50}},"79":{"start":{"line":189,"column":26},"end":{"line":189,"column":84}},"80":{"start":{"line":190,"column":19},"end":{"line":190,"column":55}},"81":{"start":{"line":192,"column":4},"end":{"line":204,"column":7}},"82":{"start":{"line":206,"column":27},"end":{"line":206,"column":95}},"83":{"start":{"line":208,"column":4},"end":{"line":210,"column":5}},"84":{"start":{"line":209,"column":6},"end":{"line":209,"column":64}},"85":{"start":{"line":212,"column":4},"end":{"line":212,"column":29}},"86":{"start":{"line":214,"column":4},"end":{"line":214,"column":53}},"87":{"start":{"line":215,"column":4},"end":{"line":215,"column":64}},"88":{"start":{"line":219,"column":0},"end":{"line":219,"column":24}}},"fnMap":{"0":{"name":"(anonymous_0)","decl":{"start":{"line":7,"column":30},"end":{"line":7,"column":31}},"loc":{"start":{"line":7,"column":42},"end":{"line":15,"column":1}},"line":7},"1":{"name":"(anonymous_1)","decl":{"start":{"line":18,"column":16},"end":{"line":18,"column":17}},"loc":{"start":{"line":18,"column":36},"end":{"line":31,"column":1}},"line":18},"2":{"name":"(anonymous_2)","decl":{"start":{"line":34,"column":19},"end":{"line":34,"column":20}},"loc":{"start":{"line":34,"column":39},"end":{"line":51,"column":1}},"line":34},"3":{"name":"(anonymous_3)","decl":{"start":{"line":54,"column":17},"end":{"line":54,"column":18}},"loc":{"start":{"line":54,"column":37},"end":{"line":102,"column":1}},"line":54},"4":{"name":"(anonymous_4)","decl":{"start":{"line":73,"column":34},"end":{"line":73,"column":35}},"loc":{"start":{"line":73,"column":49},"end":{"line":73,"column":88}},"line":73},"5":{"name":"(anonymous_5)","decl":{"start":{"line":105,"column":19},"end":{"line":105,"column":20}},"loc":{"start":{"line":105,"column":39},"end":{"line":152,"column":1}},"line":105},"6":{"name":"(anonymous_6)","decl":{"start":{"line":124,"column":34},"end":{"line":124,"column":35}},"loc":{"start":{"line":124,"column":49},"end":{"line":124,"column":88}},"line":124},"7":{"name":"(anonymous_7)","decl":{"start":{"line":155,"column":22},"end":{"line":155,"column":23}},"loc":{"start":{"line":155,"column":42},"end":{"line":168,"column":1}},"line":155},"8":{"name":"(anonymous_8)","decl":{"start":{"line":171,"column":28},"end":{"line":171,"column":29}},"loc":{"start":{"line":171,"column":48},"end":{"line":217,"column":1}},"line":171}},"branchMap":{"0":{"loc":{"start":{"line":43,"column":4},"end":{"line":45,"column":5}},"type":"if","locations":[{"start":{"line":43,"column":4},"end":{"line":45,"column":5}},{"start":{},"end":{}}],"line":43},"1":{"loc":{"start":{"line":67,"column":4},"end":{"line":69,"column":5}},"type":"if","locations":[{"start":{"line":67,"column":4},"end":{"line":69,"column":5}},{"start":{},"end":{}}],"line":67},"2":{"loc":{"start":{"line":67,"column":8},"end":{"line":67,"column":30}},"type":"binary-expr","locations":[{"start":{"line":67,"column":8},"end":{"line":67,"column":20}},{"start":{"line":67,"column":24},"end":{"line":67,"column":30}}],"line":67},"3":{"loc":{"start":{"line":72,"column":29},"end":{"line":72,"column":47}},"type":"binary-expr","locations":[{"start":{"line":72,"column":29},"end":{"line":72,"column":39}},{"start":{"line":72,"column":43},"end":{"line":72,"column":47}}],"line":72},"4":{"loc":{"start":{"line":74,"column":35},"end":{"line":74,"column":48}},"type":"binary-expr","locations":[{"start":{"line":74,"column":35},"end":{"line":74,"column":43}},{"start":{"line":74,"column":47},"end":{"line":74,"column":48}}],"line":74},"5":{"loc":{"start":{"line":79,"column":23},"end":{"line":79,"column":43}},"type":"binary-expr","locations":[{"start":{"line":79,"column":23},"end":{"line":79,"column":35}},{"start":{"line":79,"column":39},"end":{"line":79,"column":43}}],"line":79},"6":{"loc":{"start":{"line":87,"column":59},"end":{"line":87,"column":78}},"type":"binary-expr","locations":[{"start":{"line":87,"column":59},"end":{"line":87,"column":65}},{"start":{"line":87,"column":69},"end":{"line":87,"column":78}}],"line":87},"7":{"loc":{"start":{"line":88,"column":16},"end":{"line":88,"column":29}},"type":"binary-expr","locations":[{"start":{"line":88,"column":16},"end":{"line":88,"column":24}},{"start":{"line":88,"column":28},"end":{"line":88,"column":29}}],"line":88},"8":{"loc":{"start":{"line":93,"column":4},"end":{"line":95,"column":5}},"type":"if","locations":[{"start":{"line":93,"column":4},"end":{"line":95,"column":5}},{"start":{},"end":{}}],"line":93},"9":{"loc":{"start":{"line":118,"column":4},"end":{"line":120,"column":5}},"type":"if","locations":[{"start":{"line":118,"column":4},"end":{"line":120,"column":5}},{"start":{},"end":{}}],"line":118},"10":{"loc":{"start":{"line":118,"column":8},"end":{"line":118,"column":30}},"type":"binary-expr","locations":[{"start":{"line":118,"column":8},"end":{"line":118,"column":20}},{"start":{"line":118,"column":24},"end":{"line":118,"column":30}}],"line":118},"11":{"loc":{"start":{"line":123,"column":29},"end":{"line":123,"column":47}},"type":"binary-expr","locations":[{"start":{"line":123,"column":29},"end":{"line":123,"column":39}},{"start":{"line":123,"column":43},"end":{"line":123,"column":47}}],"line":123},"12":{"loc":{"start":{"line":125,"column":35},"end":{"line":125,"column":48}},"type":"binary-expr","locations":[{"start":{"line":125,"column":35},"end":{"line":125,"column":43}},{"start":{"line":125,"column":47},"end":{"line":125,"column":48}}],"line":125},"13":{"loc":{"start":{"line":137,"column":16},"end":{"line":137,"column":29}},"type":"binary-expr","locations":[{"start":{"line":137,"column":16},"end":{"line":137,"column":24}},{"start":{"line":137,"column":28},"end":{"line":137,"column":29}}],"line":137},"14":{"loc":{"start":{"line":143,"column":4},"end":{"line":145,"column":5}},"type":"if","locations":[{"start":{"line":143,"column":4},"end":{"line":145,"column":5}},{"start":{},"end":{}}],"line":143},"15":{"loc":{"start":{"line":159,"column":4},"end":{"line":161,"column":5}},"type":"if","locations":[{"start":{"line":159,"column":4},"end":{"line":161,"column":5}},{"start":{},"end":{}}],"line":159},"16":{"loc":{"start":{"line":175,"column":4},"end":{"line":177,"column":5}},"type":"if","locations":[{"start":{"line":175,"column":4},"end":{"line":177,"column":5}},{"start":{},"end":{}}],"line":175},"17":{"loc":{"start":{"line":175,"column":8},"end":{"line":175,"column":30}},"type":"binary-expr","locations":[{"start":{"line":175,"column":8},"end":{"line":175,"column":15}},{"start":{"line":175,"column":19},"end":{"line":175,"column":30}}],"line":175},"18":{"loc":{"start":{"line":181,"column":4},"end":{"line":183,"column":5}},"type":"if","locations":[{"start":{"line":181,"column":4},"end":{"line":183,"column":5}},{"start":{},"end":{}}],"line":181},"19":{"loc":{"start":{"line":186,"column":41},"end":{"line":186,"column":65}},"type":"binary-expr","locations":[{"start":{"line":186,"column":41},"end":{"line":186,"column":60}},{"start":{"line":186,"column":64},"end":{"line":186,"column":65}}],"line":186},"20":{"loc":{"start":{"line":201,"column":6},"end":{"line":201,"column":33}},"type":"cond-expr","locations":[{"start":{"line":201,"column":15},"end":{"line":201,"column":21}},{"start":{"line":201,"column":24},"end":{"line":201,"column":33}}],"line":201},"21":{"loc":{"start":{"line":202,"column":6},"end":{"line":202,"column":46}},"type":"cond-expr","locations":[{"start":{"line":202,"column":15},"end":{"line":202,"column":39}},{"start":{"line":202,"column":42},"end":{"line":202,"column":46}}],"line":202},"22":{"loc":{"start":{"line":208,"column":4},"end":{"line":210,"column":5}},"type":"if","locations":[{"start":{"line":208,"column":4},"end":{"line":210,"column":5}},{"start":{},"end":{}}],"line":208}},"s":{"0":0,"1":0,"2":0,"3":0,"4":0,"5":0,"6":0,"7":0,"8":0,"9":0,"10":0,"11":0,"12":0,"13":0,"14":0,"15":0,"16":0,"17":0,"18":0,"19":0,"20":0,"21":0,"22":0,"23":0,"24":0,"25":0,"26":0,"27":0,"28":0,"29":0,"30":0,"31":0,"32":0,"33":0,"34":0,"35":0,"36":0,"37":0,"38":0,"39":0,"40":0,"41":0,"42":0,"43":0,"44":0,"45":0,"46":0,"47":0,"48":0,"49":0,"50":0,"51":0,"52":0,"53":0,"54":0,"55":0,"56":0,"57":0,"58":0,"59":0,"60":0,"61":0,"62":0,"63":0,"64":0,"65":0,"66":0,"67":0,"68":0,"69":0,"70":0,"71":0,"72":0,"73":0,"74":0,"75":0,"76":0,"77":0,"78":0,"79":0,"80":0,"81":0,"82":0,"83":0,"84":0,"85":0,"86":0,"87":0,"88":0},"f":{"0":0,"1":0,"2":0,"3":0,"4":0,"5":0,"6":0,"7":0,"8":0},"b":{"0":[0,0],"1":[0,0],"2":[0,0],"3":[0,0],"4":[0,0],"5":[0,0],"6":[0,0],"7":[0,0],"8":[0,0],"9":[0,0],"10":[0,0],"11":[0,0],"12":[0,0],"13":[0,0],"14":[0,0],"15":[0,0],"16":[0,0],"17":[0,0],"18":[0,0],"19":[0,0],"20":[0,0],"21":[0,0],"22":[0,0]}}
,"/home/runner/work/FormForce/FormForce/server/routes/timetracking.js": {"path":"/home/runner/work/FormForce/FormForce/server/routes/timetracking.js","statementMap":{"0":{"start":{"line":1,"column":16},"end":{"line":1,"column":34}},"1":{"start":{"line":2,"column":15},"end":{"line":2,"column":31}},"2":{"start":{"line":3,"column":23},"end":{"line":3,"column":38}},"3":{"start":{"line":4,"column":11},"end":{"line":4,"column":33}},"4":{"start":{"line":7,"column":29},"end":{"line":19,"column":1}},"5":{"start":{"line":8,"column":22},"end":{"line":8,"column":49}},"6":{"start":{"line":9,"column":23},"end":{"line":9,"column":51}},"7":{"start":{"line":10,"column":28},"end":{"line":10,"column":56}},"8":{"start":{"line":13,"column":22},"end":{"line":13,"column":80}},"9":{"start":{"line":16,"column":20},"end":{"line":16,"column":51}},"10":{"start":{"line":18,"column":2},"end":{"line":18,"column":36}},"11":{"start":{"line":22,"column":0},"end":{"line":35,"column":3}},"12":{"start":{"line":23,"column":2},"end":{"line":34,"column":3}},"13":{"start":{"line":24,"column":20},"end":{"line":29,"column":5}},"14":{"start":{"line":30,"column":4},"end":{"line":30,"column":22}},"15":{"start":{"line":32,"column":4},"end":{"line":32,"column":57}},"16":{"start":{"line":33,"column":4},"end":{"line":33,"column":68}},"17":{"start":{"line":38,"column":0},"end":{"line":52,"column":3}},"18":{"start":{"line":39,"column":2},"end":{"line":51,"column":3}},"19":{"start":{"line":40,"column":26},"end":{"line":46,"column":5}},"20":{"start":{"line":47,"column":4},"end":{"line":47,"column":28}},"21":{"start":{"line":49,"column":4},"end":{"line":49,"column":59}},"22":{"start":{"line":50,"column":4},"end":{"line":50,"column":70}},"23":{"start":{"line":55,"column":0},"end":{"line":70,"column":3}},"24":{"start":{"line":56,"column":2},"end":{"line":69,"column":3}},"25":{"start":{"line":57,"column":20},"end":{"line":64,"column":5}},"26":{"start":{"line":65,"column":4},"end":{"line":65,"column":22}},"27":{"start":{"line":67,"column":4},"end":{"line":67,"column":62}},"28":{"start":{"line":68,"column":4},"end":{"line":68,"column":73}},"29":{"start":{"line":73,"column":0},"end":{"line":116,"column":3}},"30":{"start":{"line":74,"column":2},"end":{"line":115,"column":3}},"31":{"start":{"line":75,"column":43},"end":{"line":75,"column":52}},"32":{"start":{"line":77,"column":16},"end":{"line":89,"column":5}},"33":{"start":{"line":91,"column":19},"end":{"line":91,"column":21}},"34":{"start":{"line":93,"column":4},"end":{"line":96,"column":5}},"35":{"start":{"line":94,"column":6},"end":{"line":94,"column":39}},"36":{"start":{"line":95,"column":6},"end":{"line":95,"column":29}},"37":{"start":{"line":98,"column":4},"end":{"line":101,"column":5}},"38":{"start":{"line":99,"column":6},"end":{"line":99,"column":39}},"39":{"start":{"line":100,"column":6},"end":{"line":100,"column":27}},"40":{"start":{"line":103,"column":4},"end":{"line":106,"column":5}},"41":{"start":{"line":104,"column":6},"end":{"line":104,"column":37}},"42":{"start":{"line":105,"column":6},"end":{"line":105,"column":26}},"43":{"start":{"line":108,"column":4},"end":{"line":108,"column":83}},"44":{"start":{"line":110,"column":20},"end":{"line":110,"column":49}},"45":{"start":{"line":111,"column":4},"end":{"line":111,"column":22}},"46":{"start":{"line":113,"column":4},"end":{"line":113,"column":52}},"47":{"start":{"line":114,"column":4},"end":{"line":114,"column":68}},"48":{"start":{"line":119,"column":0},"end":{"line":166,"column":3}},"49":{"start":{"line":120,"column":2},"end":{"line":165,"column":3}},"50":{"start":{"line":121,"column":57},"end":{"line":121,"column":65}},"51":{"start":{"line":123,"column":4},"end":{"line":125,"column":5}},"52":{"start":{"line":124,"column":6},"end":{"line":124,"column":68}},"53":{"start":{"line":128,"column":24},"end":{"line":131,"column":5}},"54":{"start":{"line":133,"column":4},"end":{"line":138,"column":5}},"55":{"start":{"line":134,"column":6},"end":{"line":137,"column":9}},"56":{"start":{"line":140,"column":15},"end":{"line":140,"column":23}},"57":{"start":{"line":141,"column":21},"end":{"line":141,"column":45}},"58":{"start":{"line":143,"column":4},"end":{"line":148,"column":6}},"59":{"start":{"line":150,"column":18},"end":{"line":156,"column":5}},"60":{"start":{"line":158,"column":15},"end":{"line":158,"column":32}},"61":{"start":{"line":159,"column":4},"end":{"line":159,"column":40}},"62":{"start":{"line":161,"column":4},"end":{"line":161,"column":32}},"63":{"start":{"line":163,"column":4},"end":{"line":163,"column":47}},"64":{"start":{"line":164,"column":4},"end":{"line":164,"column":58}},"65":{"start":{"line":169,"column":0},"end":{"line":216,"column":3}},"66":{"start":{"line":170,"column":2},"end":{"line":215,"column":3}},"67":{"start":{"line":171,"column":31},"end":{"line":171,"column":39}},"68":{"start":{"line":172,"column":20},"end":{"line":172,"column":33}},"69":{"start":{"line":174,"column":18},"end":{"line":174,"column":84}},"70":{"start":{"line":176,"column":4},"end":{"line":178,"column":5}},"71":{"start":{"line":177,"column":6},"end":{"line":177,"column":69}},"72":{"start":{"line":180,"column":4},"end":{"line":182,"column":5}},"73":{"start":{"line":181,"column":6},"end":{"line":181,"column":68}},"74":{"start":{"line":184,"column":22},"end":{"line":184,"column":46}},"75":{"start":{"line":186,"column":39},"end":{"line":191,"column":5}},"76":{"start":{"line":193,"column":4},"end":{"line":198,"column":6}},"77":{"start":{"line":200,"column":25},"end":{"line":206,"column":5}},"78":{"start":{"line":208,"column":15},"end":{"line":208,"column":32}},"79":{"start":{"line":209,"column":4},"end":{"line":209,"column":47}},"80":{"start":{"line":211,"column":4},"end":{"line":211,"column":27}},"81":{"start":{"line":213,"column":4},"end":{"line":213,"column":48}},"82":{"start":{"line":214,"column":4},"end":{"line":214,"column":59}},"83":{"start":{"line":219,"column":0},"end":{"line":288,"column":3}},"84":{"start":{"line":220,"column":2},"end":{"line":287,"column":3}},"85":{"start":{"line":228,"column":8},"end":{"line":228,"column":16}},"86":{"start":{"line":230,"column":18},"end":{"line":230,"column":90}},"87":{"start":{"line":232,"column":4},"end":{"line":234,"column":5}},"88":{"start":{"line":233,"column":6},"end":{"line":233,"column":69}},"89":{"start":{"line":237,"column":22},"end":{"line":237,"column":39}},"90":{"start":{"line":238,"column":20},"end":{"line":238,"column":35}},"91":{"start":{"line":239,"column":17},"end":{"line":239,"column":29}},"92":{"start":{"line":241,"column":4},"end":{"line":251,"column":5}},"93":{"start":{"line":242,"column":21},"end":{"line":247,"column":7}},"94":{"start":{"line":248,"column":6},"end":{"line":248,"column":39}},"95":{"start":{"line":249,"column":6},"end":{"line":249,"column":35}},"96":{"start":{"line":250,"column":6},"end":{"line":250,"column":27}},"97":{"start":{"line":253,"column":4},"end":{"line":270,"column":6}},"98":{"start":{"line":272,"column":25},"end":{"line":278,"column":5}},"99":{"start":{"line":280,"column":15},"end":{"line":280,"column":32}},"100":{"start":{"line":281,"column":4},"end":{"line":281,"column":47}},"101":{"start":{"line":283,"column":4},"end":{"line":283,"column":27}},"102":{"start":{"line":285,"column":4},"end":{"line":285,"column":55}},"103":{"start":{"line":286,"column":4},"end":{"line":286,"column":67}},"104":{"start":{"line":291,"column":0},"end":{"line":309,"column":3}},"105":{"start":{"line":292,"column":2},"end":{"line":308,"column":3}},"106":{"start":{"line":293,"column":18},"end":{"line":293,"column":90}},"107":{"start":{"line":295,"column":4},"end":{"line":297,"column":5}},"108":{"start":{"line":296,"column":6},"end":{"line":296,"column":69}},"109":{"start":{"line":299,"column":4},"end":{"line":299,"column":75}},"110":{"start":{"line":301,"column":15},"end":{"line":301,"column":32}},"111":{"start":{"line":302,"column":4},"end":{"line":302,"column":56}},"112":{"start":{"line":304,"column":4},"end":{"line":304,"column":61}},"113":{"start":{"line":306,"column":4},"end":{"line":306,"column":55}},"114":{"start":{"line":307,"column":4},"end":{"line":307,"column":67}},"115":{"start":{"line":311,"column":0},"end":{"line":311,"column":24}}},"fnMap":{"0":{"name":"(anonymous_0)","decl":{"start":{"line":7,"column":29},"end":{"line":7,"column":30}},"loc":{"start":{"line":7,"column":79},"end":{"line":19,"column":1}},"line":7},"1":{"name":"(anonymous_1)","decl":{"start":{"line":22,"column":16},"end":{"line":22,"column":17}},"loc":{"start":{"line":22,"column":36},"end":{"line":35,"column":1}},"line":22},"2":{"name":"(anonymous_2)","decl":{"start":{"line":38,"column":22},"end":{"line":38,"column":23}},"loc":{"start":{"line":38,"column":42},"end":{"line":52,"column":1}},"line":38},"3":{"name":"(anonymous_3)","decl":{"start":{"line":55,"column":28},"end":{"line":55,"column":29}},"loc":{"start":{"line":55,"column":48},"end":{"line":70,"column":1}},"line":55},"4":{"name":"(anonymous_4)","decl":{"start":{"line":73,"column":23},"end":{"line":73,"column":24}},"loc":{"start":{"line":73,"column":43},"end":{"line":116,"column":1}},"line":73},"5":{"name":"(anonymous_5)","decl":{"start":{"line":119,"column":25},"end":{"line":119,"column":26}},"loc":{"start":{"line":119,"column":45},"end":{"line":166,"column":1}},"line":119},"6":{"name":"(anonymous_6)","decl":{"start":{"line":169,"column":30},"end":{"line":169,"column":31}},"loc":{"start":{"line":169,"column":50},"end":{"line":216,"column":1}},"line":169},"7":{"name":"(anonymous_7)","decl":{"start":{"line":219,"column":19},"end":{"line":219,"column":20}},"loc":{"start":{"line":219,"column":39},"end":{"line":288,"column":1}},"line":219},"8":{"name":"(anonymous_8)","decl":{"start":{"line":291,"column":22},"end":{"line":291,"column":23}},"loc":{"start":{"line":291,"column":42},"end":{"line":309,"column":1}},"line":291}},"branchMap":{"0":{"loc":{"start":{"line":10,"column":29},"end":{"line":10,"column":47}},"type":"binary-expr","locations":[{"start":{"line":10,"column":29},"end":{"line":10,"column":42}},{"start":{"line":10,"column":46},"end":{"line":10,"column":47}}],"line":10},"1":{"loc":{"start":{"line":16,"column":35},"end":{"line":16,"column":50}},"type":"binary-expr","locations":[{"start":{"line":16,"column":35},"end":{"line":16,"column":45}},{"start":{"line":16,"column":49},"end":{"line":16,"column":50}}],"line":16},"2":{"loc":{"start":{"line":93,"column":4},"end":{"line":96,"column":5}},"type":"if","locations":[{"start":{"line":93,"column":4},"end":{"line":96,"column":5}},{"start":{},"end":{}}],"line":93},"3":{"loc":{"start":{"line":98,"column":4},"end":{"line":101,"column":5}},"type":"if","locations":[{"start":{"line":98,"column":4},"end":{"line":101,"column":5}},{"start":{},"end":{}}],"line":98},"4":{"loc":{"start":{"line":103,"column":4},"end":{"line":106,"column":5}},"type":"if","locations":[{"start":{"line":103,"column":4},"end":{"line":106,"column":5}},{"start":{},"end":{}}],"line":103},"5":{"loc":{"start":{"line":123,"column":4},"end":{"line":125,"column":5}},"type":"if","locations":[{"start":{"line":123,"column":4},"end":{"line":125,"column":5}},{"start":{},"end":{}}],"line":123},"6":{"loc":{"start":{"line":133,"column":4},"end":{"line":138,"column":5}},"type":"if","locations":[{"start":{"line":133,"column":4},"end":{"line":138,"column":5}},{"start":{},"end":{}}],"line":133},"7":{"loc":{"start":{"line":147,"column":30},"end":{"line":147,"column":46}},"type":"binary-expr","locations":[{"start":{"line":147,"column":30},"end":{"line":147,"column":41}},{"start":{"line":147,"column":45},"end":{"line":147,"column":46}}],"line":147},"8":{"loc":{"start":{"line":147,"column":48},"end":{"line":147,"column":61}},"type":"binary-expr","locations":[{"start":{"line":147,"column":48},"end":{"line":147,"column":53}},{"start":{"line":147,"column":57},"end":{"line":147,"column":61}}],"line":147},"9":{"loc":{"start":{"line":147,"column":63},"end":{"line":147,"column":82}},"type":"binary-expr","locations":[{"start":{"line":147,"column":63},"end":{"line":147,"column":74}},{"start":{"line":147,"column":78},"end":{"line":147,"column":82}}],"line":147},"10":{"loc":{"start":{"line":176,"column":4},"end":{"line":178,"column":5}},"type":"if","locations":[{"start":{"line":176,"column":4},"end":{"line":178,"column":5}},{"start":{},"end":{}}],"line":176},"11":{"loc":{"start":{"line":180,"column":4},"end":{"line":182,"column":5}},"type":"if","locations":[{"start":{"line":180,"column":4},"end":{"line":182,"column":5}},{"start":{},"end":{}}],"line":180},"12":{"loc":{"start":{"line":189,"column":6},"end":{"line":189,"column":49}},"type":"binary-expr","locations":[{"start":{"line":189,"column":6},"end":{"line":189,"column":20}},{"start":{"line":189,"column":24},"end":{"line":189,"column":44}},{"start":{"line":189,"column":48},"end":{"line":189,"column":49}}],"line":189},"13":{"loc":{"start":{"line":190,"column":6},"end":{"line":190,"column":28}},"type":"binary-expr","locations":[{"start":{"line":190,"column":6},"end":{"line":190,"column":23}},{"start":{"line":190,"column":27},"end":{"line":190,"column":28}}],"line":190},"14":{"loc":{"start":{"line":197,"column":18},"end":{"line":197,"column":61}},"type":"binary-expr","locations":[{"start":{"line":197,"column":18},"end":{"line":197,"column":32}},{"start":{"line":197,"column":36},"end":{"line":197,"column":56}},{"start":{"line":197,"column":60},"end":{"line":197,"column":61}}],"line":197},"15":{"loc":{"start":{"line":232,"column":4},"end":{"line":234,"column":5}},"type":"if","locations":[{"start":{"line":232,"column":4},"end":{"line":234,"column":5}},{"start":{},"end":{}}],"line":232},"16":{"loc":{"start":{"line":241,"column":4},"end":{"line":251,"column":5}},"type":"if","locations":[{"start":{"line":241,"column":4},"end":{"line":251,"column":5}},{"start":{},"end":{}}],"line":241},"17":{"loc":{"start":{"line":241,"column":8},"end":{"line":241,"column":29}},"type":"binary-expr","locations":[{"start":{"line":241,"column":8},"end":{"line":241,"column":16}},{"start":{"line":241,"column":20},"end":{"line":241,"column":29}}],"line":241},"18":{"loc":{"start":{"line":245,"column":8},"end":{"line":245,"column":81}},"type":"cond-expr","locations":[{"start":{"line":245,"column":39},"end":{"line":245,"column":53}},{"start":{"line":245,"column":56},"end":{"line":245,"column":81}}],"line":245},"19":{"loc":{"start":{"line":245,"column":56},"end":{"line":245,"column":81}},"type":"binary-expr","locations":[{"start":{"line":245,"column":56},"end":{"line":245,"column":76}},{"start":{"line":245,"column":80},"end":{"line":245,"column":81}}],"line":245},"20":{"loc":{"start":{"line":246,"column":8},"end":{"line":246,"column":72}},"type":"cond-expr","locations":[{"start":{"line":246,"column":36},"end":{"line":246,"column":47}},{"start":{"line":246,"column":50},"end":{"line":246,"column":72}}],"line":246},"21":{"loc":{"start":{"line":246,"column":50},"end":{"line":246,"column":72}},"type":"binary-expr","locations":[{"start":{"line":246,"column":50},"end":{"line":246,"column":67}},{"start":{"line":246,"column":71},"end":{"line":246,"column":72}}],"line":246},"22":{"loc":{"start":{"line":259,"column":8},"end":{"line":259,"column":34}},"type":"binary-expr","locations":[{"start":{"line":259,"column":8},"end":{"line":259,"column":16}},{"start":{"line":259,"column":20},"end":{"line":259,"column":34}}],"line":259},"23":{"loc":{"start":{"line":260,"column":8},"end":{"line":260,"column":36}},"type":"binary-expr","locations":[{"start":{"line":260,"column":8},"end":{"line":260,"column":17}},{"start":{"line":260,"column":21},"end":{"line":260,"column":36}}],"line":260},"24":{"loc":{"start":{"line":261,"column":8},"end":{"line":261,"column":76}},"type":"cond-expr","locations":[{"start":{"line":261,"column":39},"end":{"line":261,"column":53}},{"start":{"line":261,"column":56},"end":{"line":261,"column":76}}],"line":261},"25":{"loc":{"start":{"line":262,"column":8},"end":{"line":262,"column":67}},"type":"cond-expr","locations":[{"start":{"line":262,"column":36},"end":{"line":262,"column":47}},{"start":{"line":262,"column":50},"end":{"line":262,"column":67}}],"line":262},"26":{"loc":{"start":{"line":265,"column":8},"end":{"line":265,"column":49}},"type":"cond-expr","locations":[{"start":{"line":265,"column":30},"end":{"line":265,"column":35}},{"start":{"line":265,"column":38},"end":{"line":265,"column":49}}],"line":265},"27":{"loc":{"start":{"line":266,"column":8},"end":{"line":266,"column":67}},"type":"cond-expr","locations":[{"start":{"line":266,"column":36},"end":{"line":266,"column":47}},{"start":{"line":266,"column":50},"end":{"line":266,"column":67}}],"line":266},"28":{"loc":{"start":{"line":295,"column":4},"end":{"line":297,"column":5}},"type":"if","locations":[{"start":{"line":295,"column":4},"end":{"line":297,"column":5}},{"start":{},"end":{}}],"line":295}},"s":{"0":0,"1":0,"2":0,"3":0,"4":0,"5":0,"6":0,"7":0,"8":0,"9":0,"10":0,"11":0,"12":0,"13":0,"14":0,"15":0,"16":0,"17":0,"18":0,"19":0,"20":0,"21":0,"22":0,"23":0,"24":0,"25":0,"26":0,"27":0,"28":0,"29":0,"30":0,"31":0,"32":0,"33":0,"34":0,"35":0,"36":0,"37":0,"38":0,"39":0,"40":0,"41":0,"42":0,"43":0,"44":0,"45":0,"46":0,"47":0,"48":0,"49":0,"50":0,"51":0,"52":0,"53":0,"54":0,"55":0,"56":0,"57":0,"58":0,"59":0,"60":0,"61":0,"62":0,"63":0,"64":0,"65":0,"66":0,"67":0,"68":0,"69":0,"70":0,"71":0,"72":0,"73":0,"74":0,"75":0,"76":0,"77":0,"78":0,"79":0,"80":0,"81":0,"82":0,"83":0,"84":0,"85":0,"86":0,"87":0,"88":0,"89":0,"90":0,"91":0,"92":0,"93":0,"94":0,"95":0,"96":0,"97":0,"98":0,"99":0,"100":0,"101":0,"102":0,"103":0,"104":0,"105":0,"106":0,"107":0,"108":0,"109":0,"110":0,"111":0,"112":0,"113":0,"114":0,"115":0},"f":{"0":0,"1":0,"2":0,"3":0,"4":0,"5":0,"6":0,"7":0,"8":0},"b":{"0":[0,0],"1":[0,0],"2":[0,0],"3":[0,0],"4":[0,0],"5":[0,0],"6":[0,0],"7":[0,0],"8":[0,0],"9":[0,0],"10":[0,0],"11":[0,0],"12":[0,0,0],"13":[0,0],"14":[0,0,0],"15":[0,0],"16":[0,0],"17":[0,0],"18":[0,0],"19":[0,0],"20":[0,0],"21":[0,0],"22":[0,0],"23":[0,0],"24":[0,0],"25":[0,0],"26":[0,0],"27":[0,0],"28":[0,0]}}
}
