TN:
SF:server/database.js
FN:7,(anonymous_0)
FN:8,(anonymous_1)
FN:9,(anonymous_2)
FN:175,(anonymous_3)
FN:186,(anonymous_4)
FN:187,(anonymous_5)
FN:188,(anonymous_6)
FN:195,(anonymous_7)
FN:196,(anonymous_8)
FN:197,(anonymous_9)
FN:204,(anonymous_10)
FN:205,(anonymous_11)
FN:206,(anonymous_12)
FNF:13
FNH:6
FNDA:0,(anonymous_0)
FNDA:0,(anonymous_1)
FNDA:0,(anonymous_2)
FNDA:0,(anonymous_3)
FNDA:1,(anonymous_4)
FNDA:1,(anonymous_5)
FNDA:1,(anonymous_6)
FNDA:0,(anonymous_7)
FNDA:0,(anonymous_8)
FNDA:0,(anonymous_9)
FNDA:2,(anonymous_10)
FNDA:2,(anonymous_11)
FNDA:2,(anonymous_12)
DA:1,1
DA:2,1
DA:4,1
DA:5,1
DA:7,1
DA:8,0
DA:9,0
DA:11,0
DA:23,0
DA:37,0
DA:51,0
DA:70,0
DA:86,0
DA:106,0
DA:130,0
DA:158,0
DA:176,0
DA:178,0
DA:179,0
DA:186,1
DA:187,1
DA:188,1
DA:189,1
DA:190,1
DA:195,1
DA:196,0
DA:197,0
DA:198,0
DA:199,0
DA:204,1
DA:205,2
DA:206,2
DA:207,2
DA:208,2
DA:213,1
LF:35
LH:17
BRDA:176,0,0,0
BRDA:176,0,1,0
BRDA:186,1,0,0
BRDA:189,2,0,0
BRDA:189,2,1,1
BRDA:195,3,0,0
BRDA:198,4,0,0
BRDA:198,4,1,0
BRDA:204,5,0,0
BRDA:207,6,0,0
BRDA:207,6,1,2
BRF:11
BRH:2
end_of_record
TN:
SF:server/index.js
FN:51,(anonymous_0)
FN:57,(anonymous_1)
FN:62,(anonymous_2)
FN:65,(anonymous_3)
FN:69,(anonymous_4)
FN:73,(anonymous_5)
FN:79,(anonymous_6)
FN:80,(anonymous_7)
FN:83,(anonymous_8)
FNF:9
FNH:0
FNDA:0,(anonymous_0)
FNDA:0,(anonymous_1)
FNDA:0,(anonymous_2)
FNDA:0,(anonymous_3)
FNDA:0,(anonymous_4)
FNDA:0,(anonymous_5)
FNDA:0,(anonymous_6)
FNDA:0,(anonymous_7)
FNDA:0,(anonymous_8)
DA:1,0
DA:2,0
DA:3,0
DA:4,0
DA:5,0
DA:6,0
DA:7,0
DA:9,0
DA:10,0
DA:11,0
DA:12,0
DA:13,0
DA:14,0
DA:15,0
DA:16,0
DA:17,0
DA:19,0
DA:20,0
DA:21,0
DA:28,0
DA:31,0
DA:32,0
DA:33,0
DA:36,0
DA:39,0
DA:40,0
DA:41,0
DA:42,0
DA:43,0
DA:44,0
DA:45,0
DA:46,0
DA:49,0
DA:50,0
DA:51,0
DA:52,0
DA:57,0
DA:58,0
DA:62,0
DA:63,0
DA:65,0
DA:66,0
DA:69,0
DA:70,0
DA:73,0
DA:74,0
DA:79,0
DA:80,0
DA:81,0
DA:84,0
DA:85,0
LF:51
LH:0
BRDA:28,0,0,0
BRDA:28,0,1,0
BRDA:49,1,0,0
BRDA:49,1,1,0
BRF:4
BRH:0
end_of_record
TN:
SF:server/routes/auth.js
FN:11,(anonymous_0)
FN:36,(anonymous_1)
FN:73,(anonymous_2)
FNF:3
FNH:0
FNDA:0,(anonymous_0)
FNDA:0,(anonymous_1)
FNDA:0,(anonymous_2)
DA:1,0
DA:2,0
DA:3,0
DA:4,0
DA:5,0
DA:6,0
DA:8,0
DA:11,0
DA:12,0
DA:13,0
DA:15,0
DA:16,0
DA:19,0
DA:20,0
DA:22,0
DA:27,0
DA:28,0
DA:30,0
DA:31,0
DA:36,0
DA:37,0
DA:38,0
DA:40,0
DA:42,0
DA:43,0
DA:46,0
DA:48,0
DA:49,0
DA:52,0
DA:57,0
DA:67,0
DA:68,0
DA:73,0
DA:74,0
DA:75,0
DA:76,0
DA:78,0
DA:79,0
DA:83,0
LF:39
LH:0
BRDA:8,0,0,0
BRDA:8,0,1,0
BRDA:15,1,0,0
BRDA:15,1,1,0
BRDA:15,2,0,0
BRDA:15,2,1,0
BRDA:24,3,0,0
BRDA:24,3,1,0
BRDA:27,4,0,0
BRDA:27,4,1,0
BRDA:28,5,0,0
BRDA:28,5,1,0
BRDA:42,6,0,0
BRDA:42,6,1,0
BRDA:48,7,0,0
BRDA:48,7,1,0
BRF:16
BRH:0
end_of_record
TN:
SF:server/routes/customers.js
FN:7,(anonymous_0)
FN:21,(anonymous_1)
FN:38,(anonymous_2)
FN:84,(anonymous_3)
FN:128,(anonymous_4)
FN:145,(anonymous_5)
FNF:6
FNH:0
FNDA:0,(anonymous_0)
FNDA:0,(anonymous_1)
FNDA:0,(anonymous_2)
FNDA:0,(anonymous_3)
FNDA:0,(anonymous_4)
FNDA:0,(anonymous_5)
DA:1,0
DA:2,0
DA:3,0
DA:4,0
DA:7,0
DA:8,0
DA:9,0
DA:13,0
DA:15,0
DA:16,0
DA:21,0
DA:22,0
DA:23,0
DA:27,0
DA:28,0
DA:30,0
DA:32,0
DA:33,0
DA:38,0
DA:39,0
DA:50,0
DA:52,0
DA:53,0
DA:56,0
DA:57,0
DA:59,0
DA:69,0
DA:72,0
DA:73,0
DA:76,0
DA:78,0
DA:79,0
DA:84,0
DA:85,0
DA:96,0
DA:98,0
DA:99,0
DA:102,0
DA:113,0
DA:116,0
DA:117,0
DA:120,0
DA:122,0
DA:123,0
DA:128,0
DA:129,0
DA:130,0
DA:133,0
DA:134,0
DA:137,0
DA:139,0
DA:140,0
DA:145,0
DA:146,0
DA:147,0
DA:148,0
DA:156,0
DA:158,0
DA:159,0
DA:163,0
LF:60
LH:0
BRDA:27,0,0,0
BRDA:27,0,1,0
BRDA:52,1,0,0
BRDA:52,1,1,0
BRDA:57,2,0,0
BRDA:57,2,1,0
BRDA:72,3,0,0
BRDA:72,3,1,0
BRDA:98,4,0,0
BRDA:98,4,1,0
BRDA:116,5,0,0
BRDA:116,5,1,0
BRDA:133,6,0,0
BRDA:133,6,1,0
BRF:14
BRH:0
end_of_record
TN:
SF:server/routes/dispatch.js
FN:7,(anonymous_0)
FN:20,(anonymous_1)
FN:34,(anonymous_2)
FN:79,(anonymous_3)
FN:123,(anonymous_4)
FN:141,(anonymous_5)
FNF:6
FNH:0
FNDA:0,(anonymous_0)
FNDA:0,(anonymous_1)
FNDA:0,(anonymous_2)
FNDA:0,(anonymous_3)
FNDA:0,(anonymous_4)
FNDA:0,(anonymous_5)
DA:1,0
DA:2,0
DA:3,0
DA:4,0
DA:7,0
DA:8,0
DA:9,0
DA:12,0
DA:14,0
DA:15,0
DA:20,0
DA:21,0
DA:22,0
DA:23,0
DA:24,0
DA:26,0
DA:28,0
DA:29,0
DA:34,0
DA:35,0
DA:46,0
DA:48,0
DA:50,0
DA:68,0
DA:69,0
DA:71,0
DA:73,0
DA:74,0
DA:79,0
DA:80,0
DA:91,0
DA:93,0
DA:112,0
DA:113,0
DA:115,0
DA:117,0
DA:118,0
DA:123,0
DA:124,0
DA:125,0
DA:130,0
DA:131,0
DA:133,0
DA:135,0
DA:136,0
DA:141,0
DA:142,0
DA:143,0
DA:145,0
DA:146,0
DA:148,0
DA:150,0
DA:151,0
DA:155,0
LF:54
LH:0
BRDA:23,0,0,0
BRDA:23,0,1,0
BRDA:59,1,0,0
BRDA:59,1,1,0
BRDA:60,2,0,0
BRDA:60,2,1,0
BRDA:61,3,0,0
BRDA:61,3,1,0
BRDA:62,4,0,0
BRDA:62,4,1,0
BRDA:63,5,0,0
BRDA:63,5,1,0
BRDA:64,6,0,0
BRDA:64,6,1,0
BRF:14
BRH:0
end_of_record
TN:
SF:server/routes/estimates.js
FN:7,(anonymous_0)
FN:18,(anonymous_1)
FN:34,(anonymous_2)
FN:54,(anonymous_3)
FN:73,(anonymous_4)
FN:105,(anonymous_5)
FN:124,(anonymous_6)
FN:155,(anonymous_7)
FN:171,(anonymous_8)
FNF:9
FNH:0
FNDA:0,(anonymous_0)
FNDA:0,(anonymous_1)
FNDA:0,(anonymous_2)
FNDA:0,(anonymous_3)
FNDA:0,(anonymous_4)
FNDA:0,(anonymous_5)
FNDA:0,(anonymous_6)
FNDA:0,(anonymous_7)
FNDA:0,(anonymous_8)
DA:1,0
DA:2,0
DA:3,0
DA:4,0
DA:7,0
DA:8,0
DA:9,0
DA:13,0
DA:14,0
DA:18,0
DA:19,0
DA:20,0
DA:26,0
DA:28,0
DA:29,0
DA:34,0
DA:35,0
DA:36,0
DA:43,0
DA:44,0
DA:46,0
DA:48,0
DA:49,0
DA:54,0
DA:55,0
DA:65,0
DA:67,0
DA:68,0
DA:72,0
DA:73,0
DA:74,0
DA:75,0
DA:77,0
DA:78,0
DA:79,0
DA:81,0
DA:91,0
DA:93,0
DA:94,0
DA:97,0
DA:99,0
DA:100,0
DA:105,0
DA:106,0
DA:116,0
DA:118,0
DA:119,0
DA:123,0
DA:124,0
DA:125,0
DA:126,0
DA:128,0
DA:141,0
DA:143,0
DA:144,0
DA:147,0
DA:149,0
DA:150,0
DA:155,0
DA:156,0
DA:157,0
DA:159,0
DA:160,0
DA:163,0
DA:165,0
DA:166,0
DA:171,0
DA:172,0
DA:173,0
DA:175,0
DA:176,0
DA:180,0
DA:181,0
DA:185,0
DA:186,0
DA:188,0
DA:189,0
DA:190,0
DA:192,0
DA:205,0
DA:207,0
DA:209,0
DA:210,0
DA:211,0
DA:214,0
DA:216,0
DA:217,0
DA:221,0
LF:88
LH:0
BRDA:43,0,0,0
BRDA:43,0,1,0
BRDA:67,1,0,0
BRDA:67,1,1,0
BRDA:67,2,0,0
BRDA:67,2,1,0
BRDA:72,3,0,0
BRDA:72,3,1,0
BRDA:74,4,0,0
BRDA:74,4,1,0
BRDA:79,5,0,0
BRDA:79,5,1,0
BRDA:87,6,0,0
BRDA:87,6,1,0
BRDA:88,7,0,0
BRDA:88,7,1,0
BRDA:93,8,0,0
BRDA:93,8,1,0
BRDA:118,9,0,0
BRDA:118,9,1,0
BRDA:118,10,0,0
BRDA:118,10,1,0
BRDA:123,11,0,0
BRDA:123,11,1,0
BRDA:125,12,0,0
BRDA:125,12,1,0
BRDA:137,13,0,0
BRDA:137,13,1,0
BRDA:143,14,0,0
BRDA:143,14,1,0
BRDA:159,15,0,0
BRDA:159,15,1,0
BRDA:175,16,0,0
BRDA:175,16,1,0
BRDA:189,17,0,0
BRDA:189,17,1,0
BRDA:190,18,0,0
BRDA:190,18,1,0
BRDA:209,19,0,0
BRDA:209,19,1,0
BRF:40
BRH:0
end_of_record
TN:
SF:server/routes/forms.js
FN:7,(anonymous_0)
FN:10,(anonymous_1)
FN:21,(anonymous_2)
FN:38,(anonymous_3)
FN:56,(anonymous_4)
FN:71,(anonymous_5)
FN:82,(anonymous_6)
FN:100,(anonymous_7)
FN:106,(anonymous_8)
FNF:9
FNH:0
FNDA:0,(anonymous_0)
FNDA:0,(anonymous_1)
FNDA:0,(anonymous_2)
FNDA:0,(anonymous_3)
FNDA:0,(anonymous_4)
FNDA:0,(anonymous_5)
FNDA:0,(anonymous_6)
FNDA:0,(anonymous_7)
FNDA:0,(anonymous_8)
DA:1,0
DA:2,0
DA:3,0
DA:4,0
DA:7,0
DA:8,0
DA:9,0
DA:10,0
DA:15,0
DA:16,0
DA:21,0
DA:22,0
DA:23,0
DA:24,0
DA:25,0
DA:27,0
DA:32,0
DA:33,0
DA:38,0
DA:39,0
DA:40,0
DA:41,0
DA:43,0
DA:48,0
DA:50,0
DA:51,0
DA:56,0
DA:57,0
DA:58,0
DA:59,0
DA:63,0
DA:65,0
DA:66,0
DA:71,0
DA:72,0
DA:73,0
DA:74,0
DA:76,0
DA:77,0
DA:82,0
DA:83,0
DA:84,0
DA:85,0
DA:87,0
DA:92,0
DA:94,0
DA:95,0
DA:100,0
DA:101,0
DA:102,0
DA:106,0
DA:111,0
DA:112,0
DA:116,0
LF:54
LH:0
BRDA:24,0,0,0
BRDA:24,0,1,0
BRDA:45,1,0,0
BRDA:45,1,1,0
BRDA:89,2,0,0
BRDA:89,2,1,0
BRDA:89,3,0,0
BRDA:89,3,1,0
BRF:8
BRH:0
end_of_record
TN:
SF:server/routes/inventory.js
FN:7,(anonymous_0)
FN:20,(anonymous_1)
FN:34,(anonymous_2)
FN:75,(anonymous_3)
FN:107,(anonymous_4)
FN:136,(anonymous_5)
FNF:6
FNH:0
FNDA:0,(anonymous_0)
FNDA:0,(anonymous_1)
FNDA:0,(anonymous_2)
FNDA:0,(anonymous_3)
FNDA:0,(anonymous_4)
FNDA:0,(anonymous_5)
DA:1,0
DA:2,0
DA:3,0
DA:4,0
DA:7,0
DA:8,0
DA:9,0
DA:12,0
DA:14,0
DA:15,0
DA:20,0
DA:21,0
DA:22,0
DA:23,0
DA:24,0
DA:26,0
DA:28,0
DA:29,0
DA:34,0
DA:35,0
DA:44,0
DA:46,0
DA:48,0
DA:64,0
DA:65,0
DA:67,0
DA:69,0
DA:70,0
DA:75,0
DA:76,0
DA:85,0
DA:87,0
DA:96,0
DA:97,0
DA:99,0
DA:101,0
DA:102,0
DA:107,0
DA:108,0
DA:109,0
DA:111,0
DA:119,0
DA:121,0
DA:122,0
DA:128,0
DA:130,0
DA:131,0
DA:136,0
DA:137,0
DA:138,0
DA:140,0
DA:141,0
DA:143,0
DA:145,0
DA:146,0
DA:150,0
LF:56
LH:0
BRDA:23,0,0,0
BRDA:23,0,1,0
BRDA:56,1,0,0
BRDA:56,1,1,0
BRDA:60,2,0,0
BRDA:60,2,1,0
BRDA:116,3,0,0
BRDA:116,3,1,0
BRF:8
BRH:0
end_of_record
TN:
SF:server/routes/invoices.js
FN:7,(anonymous_0)
FN:18,(anonymous_1)
FN:34,(anonymous_2)
FN:54,(anonymous_3)
FN:73,(anonymous_4)
FN:105,(anonymous_5)
FN:124,(anonymous_6)
FN:155,(anonymous_7)
FN:171,(anonymous_8)
FNF:9
FNH:0
FNDA:0,(anonymous_0)
FNDA:0,(anonymous_1)
FNDA:0,(anonymous_2)
FNDA:0,(anonymous_3)
FNDA:0,(anonymous_4)
FNDA:0,(anonymous_5)
FNDA:0,(anonymous_6)
FNDA:0,(anonymous_7)
FNDA:0,(anonymous_8)
DA:1,0
DA:2,0
DA:3,0
DA:4,0
DA:7,0
DA:8,0
DA:9,0
DA:13,0
DA:14,0
DA:18,0
DA:19,0
DA:20,0
DA:26,0
DA:28,0
DA:29,0
DA:34,0
DA:35,0
DA:36,0
DA:43,0
DA:44,0
DA:46,0
DA:48,0
DA:49,0
DA:54,0
DA:55,0
DA:65,0
DA:67,0
DA:68,0
DA:72,0
DA:73,0
DA:74,0
DA:75,0
DA:77,0
DA:78,0
DA:79,0
DA:81,0
DA:91,0
DA:93,0
DA:94,0
DA:97,0
DA:99,0
DA:100,0
DA:105,0
DA:106,0
DA:116,0
DA:118,0
DA:119,0
DA:123,0
DA:124,0
DA:125,0
DA:126,0
DA:128,0
DA:141,0
DA:143,0
DA:144,0
DA:147,0
DA:149,0
DA:150,0
DA:155,0
DA:156,0
DA:157,0
DA:159,0
DA:160,0
DA:163,0
DA:165,0
DA:166,0
DA:171,0
DA:172,0
DA:173,0
DA:175,0
DA:176,0
DA:179,0
DA:181,0
DA:182,0
DA:186,0
DA:187,0
DA:188,0
DA:189,0
DA:190,0
DA:192,0
DA:206,0
DA:208,0
DA:209,0
DA:212,0
DA:214,0
DA:215,0
DA:219,0
LF:87
LH:0
BRDA:43,0,0,0
BRDA:43,0,1,0
BRDA:67,1,0,0
BRDA:67,1,1,0
BRDA:67,2,0,0
BRDA:67,2,1,0
BRDA:72,3,0,0
BRDA:72,3,1,0
BRDA:74,4,0,0
BRDA:74,4,1,0
BRDA:79,5,0,0
BRDA:79,5,1,0
BRDA:87,6,0,0
BRDA:87,6,1,0
BRDA:88,7,0,0
BRDA:88,7,1,0
BRDA:93,8,0,0
BRDA:93,8,1,0
BRDA:118,9,0,0
BRDA:118,9,1,0
BRDA:118,10,0,0
BRDA:118,10,1,0
BRDA:123,11,0,0
BRDA:123,11,1,0
BRDA:125,12,0,0
BRDA:125,12,1,0
BRDA:137,13,0,0
BRDA:137,13,1,0
BRDA:143,14,0,0
BRDA:143,14,1,0
BRDA:159,15,0,0
BRDA:159,15,1,0
BRDA:175,16,0,0
BRDA:175,16,1,0
BRDA:175,17,0,0
BRDA:175,17,1,0
BRDA:181,18,0,0
BRDA:181,18,1,0
BRDA:186,19,0,0
BRDA:186,19,1,0
BRDA:201,20,0,0
BRDA:201,20,1,0
BRDA:202,21,0,0
BRDA:202,21,1,0
BRDA:208,22,0,0
BRDA:208,22,1,0
BRF:46
BRH:0
end_of_record
TN:
SF:server/routes/timetracking.js
FN:7,(anonymous_0)
FN:22,(anonymous_1)
FN:38,(anonymous_2)
FN:55,(anonymous_3)
FN:73,(anonymous_4)
FN:119,(anonymous_5)
FN:169,(anonymous_6)
FN:219,(anonymous_7)
FN:291,(anonymous_8)
FNF:9
FNH:0
FNDA:0,(anonymous_0)
FNDA:0,(anonymous_1)
FNDA:0,(anonymous_2)
FNDA:0,(anonymous_3)
FNDA:0,(anonymous_4)
FNDA:0,(anonymous_5)
FNDA:0,(anonymous_6)
FNDA:0,(anonymous_7)
FNDA:0,(anonymous_8)
DA:1,0
DA:2,0
DA:3,0
DA:4,0
DA:7,0
DA:8,0
DA:9,0
DA:10,0
DA:13,0
DA:16,0
DA:18,0
DA:22,0
DA:23,0
DA:24,0
DA:30,0
DA:32,0
DA:33,0
DA:38,0
DA:39,0
DA:40,0
DA:47,0
DA:49,0
DA:50,0
DA:55,0
DA:56,0
DA:57,0
DA:65,0
DA:67,0
DA:68,0
DA:73,0
DA:74,0
DA:75,0
DA:77,0
DA:91,0
DA:93,0
DA:94,0
DA:95,0
DA:98,0
DA:99,0
DA:100,0
DA:103,0
DA:104,0
DA:105,0
DA:108,0
DA:110,0
DA:111,0
DA:113,0
DA:114,0
DA:119,0
DA:120,0
DA:121,0
DA:123,0
DA:124,0
DA:128,0
DA:133,0
DA:134,0
DA:140,0
DA:141,0
DA:143,0
DA:150,0
DA:158,0
DA:159,0
DA:161,0
DA:163,0
DA:164,0
DA:169,0
DA:170,0
DA:171,0
DA:172,0
DA:174,0
DA:176,0
DA:177,0
DA:180,0
DA:181,0
DA:184,0
DA:186,0
DA:193,0
DA:200,0
DA:208,0
DA:209,0
DA:211,0
DA:213,0
DA:214,0
DA:219,0
DA:220,0
DA:228,0
DA:230,0
DA:232,0
DA:233,0
DA:237,0
DA:238,0
DA:239,0
DA:241,0
DA:242,0
DA:248,0
DA:249,0
DA:250,0
DA:253,0
DA:272,0
DA:280,0
DA:281,0
DA:283,0
DA:285,0
DA:286,0
DA:291,0
DA:292,0
DA:293,0
DA:295,0
DA:296,0
DA:299,0
DA:301,0
DA:302,0
DA:304,0
DA:306,0
DA:307,0
DA:311,0
LF:116
LH:0
BRDA:10,0,0,0
BRDA:10,0,1,0
BRDA:16,1,0,0
BRDA:16,1,1,0
BRDA:93,2,0,0
BRDA:93,2,1,0
BRDA:98,3,0,0
BRDA:98,3,1,0
BRDA:103,4,0,0
BRDA:103,4,1,0
BRDA:123,5,0,0
BRDA:123,5,1,0
BRDA:133,6,0,0
BRDA:133,6,1,0
BRDA:147,7,0,0
BRDA:147,7,1,0
BRDA:147,8,0,0
BRDA:147,8,1,0
BRDA:147,9,0,0
BRDA:147,9,1,0
BRDA:176,10,0,0
BRDA:176,10,1,0
BRDA:180,11,0,0
BRDA:180,11,1,0
BRDA:189,12,0,0
BRDA:189,12,1,0
BRDA:189,12,2,0
BRDA:190,13,0,0
BRDA:190,13,1,0
BRDA:197,14,0,0
BRDA:197,14,1,0
BRDA:197,14,2,0
BRDA:232,15,0,0
BRDA:232,15,1,0
BRDA:241,16,0,0
BRDA:241,16,1,0
BRDA:241,17,0,0
BRDA:241,17,1,0
BRDA:245,18,0,0
BRDA:245,18,1,0
BRDA:245,19,0,0
BRDA:245,19,1,0
BRDA:246,20,0,0
BRDA:246,20,1,0
BRDA:246,21,0,0
BRDA:246,21,1,0
BRDA:259,22,0,0
BRDA:259,22,1,0
BRDA:260,23,0,0
BRDA:260,23,1,0
BRDA:261,24,0,0
BRDA:261,24,1,0
BRDA:262,25,0,0
BRDA:262,25,1,0
BRDA:265,26,0,0
BRDA:265,26,1,0
BRDA:266,27,0,0
BRDA:266,27,1,0
BRDA:295,28,0,0
BRDA:295,28,1,0
BRF:60
BRH:0
end_of_record
